[2016-06-28 10:46:00]	奥迪 nz->n
[2016-06-28 10:46:00]	奔驰 nz->n
[2016-06-28 10:46:00]	本田 nz->n
[2016-06-28 10:46:00]	奔腾 nz->n
[2016-06-28 10:46:00]	比亚迪 nt->n
[2016-06-28 10:46:00]	标致 a->n
[2016-06-28 10:46:00]	长城 ns->n
[2016-06-28 10:46:00]	昌河 nz->n
[2016-06-28 10:46:00]	东南 f->n
[2016-06-28 10:46:00]	道奇 nz->n
[2016-06-28 10:46:00]	法拉利 nz->n
[2016-06-28 10:46:00]	福田 ns->n
[2016-06-28 10:46:00]	福特 nrf->n
[2016-06-28 10:46:00]	丰田 nz->n
[2016-06-28 10:46:00]	菲亚特 nz->n
[2016-06-28 10:46:00]	哈飞 nz->n
[2016-06-28 10:46:00]	黄海 ns->n
[2016-06-28 10:46:00]	华泰 nz->n
[2016-06-28 10:46:00]	江铃 nz->n
[2016-06-28 10:46:00]	吉利 a->n
[2016-06-28 10:46:00]	克莱斯勒 nrf->n
[2016-06-28 10:46:00]	力帆 nz->n
[2016-06-28 10:46:00]	林肯 nr->n
[2016-06-28 10:46:00]	铃木 nz->n
[2016-06-28 10:46:00]	劳斯莱斯 nz->n
[2016-06-28 10:46:00]	摩根 nrf->n
[2016-06-28 10:46:00]	马自达 nz->n
[2016-06-28 10:46:00]	讴歌 v->n
[2016-06-28 10:46:00]	奇瑞 nz->n
[2016-06-28 10:46:00]	起亚 nrf->n
[2016-06-28 10:46:00]	日产 nz->n
[2016-06-28 10:46:00]	三菱 nz->n
[2016-06-28 10:46:00]	沃尔沃 nz->n
[2016-06-28 10:46:00]	雪佛兰 nz->n
[2016-06-28 10:46:00]	雪铁龙 nz->n
[2016-06-28 10:46:00]	中华 nz->n
[2016-06-28 10:46:00]	中兴 ns->n
[2016-06-28 10:46:00]	奇瑞汽车 nt->n
[2016-06-28 10:46:00]	奥迪 nz->n
[2016-06-28 10:46:00]	奔驰 nz->n
[2016-06-28 10:46:00]	本田 nz->n
[2016-06-28 10:46:00]	奔腾 nz->n
[2016-06-28 10:46:00]	比亚迪 nt->n
[2016-06-28 10:46:00]	标致 a->n
[2016-06-28 10:46:00]	长城 ns->n
[2016-06-28 10:46:00]	昌河 nz->n
[2016-06-28 10:46:00]	东南 f->n
[2016-06-28 10:46:00]	道奇 nz->n
[2016-06-28 10:46:00]	法拉利 nz->n
[2016-06-28 10:46:00]	福田 ns->n
[2016-06-28 10:46:00]	福特 nrf->n
[2016-06-28 10:46:00]	丰田 nz->n
[2016-06-28 10:46:00]	菲亚特 nz->n
[2016-06-28 10:46:00]	哈飞 nz->n
[2016-06-28 10:46:00]	黄海 ns->n
[2016-06-28 10:46:00]	华泰 nz->n
[2016-06-28 10:46:00]	江铃 nz->n
[2016-06-28 10:46:00]	吉利 a->n
[2016-06-28 10:46:00]	克莱斯勒 nrf->n
[2016-06-28 10:46:00]	力帆 nz->n
[2016-06-28 10:46:00]	林肯 nr->n
[2016-06-28 10:46:00]	铃木 nz->n
[2016-06-28 10:46:00]	劳斯莱斯 nz->n
[2016-06-28 10:46:00]	摩根 nrf->n
[2016-06-28 10:46:00]	马自达 nz->n
[2016-06-28 10:46:00]	讴歌 v->n
[2016-06-28 10:46:00]	奇瑞 nz->n
[2016-06-28 10:46:00]	起亚 nrf->n
[2016-06-28 10:46:00]	日产 nz->n
[2016-06-28 10:46:00]	三菱 nz->n
[2016-06-28 10:46:00]	沃尔沃 nz->n
[2016-06-28 10:46:00]	雪佛兰 nz->n
[2016-06-28 10:46:00]	雪铁龙 nz->n
[2016-06-28 10:46:00]	中华 nz->n
[2016-06-28 10:46:00]	中兴 ns->n
[2016-06-28 10:46:00]	奇瑞汽车 nt->n
[2016-06-28 10:46:00]	雅致 a->n
[2016-06-28 10:46:00]	飞驰 vi->n
[2016-06-28 10:46:00]	卡宴 ns->n
[2016-06-28 10:46:00]	风光 a->n
[2016-06-28 10:46:00]	捷达 nz->n
[2016-06-28 10:46:00]	桑塔纳 nz->n
[2016-06-28 10:46:00]	福克斯 nrf->n
[2016-06-28 10:46:00]	卡罗拉 nrf->n
[2016-06-28 10:46:00]	赛马 vi->n
[2016-06-28 10:46:00]	圣达菲 nz->n
[2016-06-28 10:46:00]	和悦 a->n
[2016-06-28 10:46:00]	飞腾 vi->n
[2016-06-28 10:46:00]	北斗星 nz->n
[2016-06-28 10:46:00]	威达 nz->n
[2016-06-28 10:46:00]	嘉华 nz->n
[2016-06-28 10:46:00]	楼兰 ns->n
[2016-06-28 10:46:00]	风雅 a->n
[2016-06-28 10:46:00]	富康 nz->n
[2016-06-28 10:46:00]	凯旋 vd->n
[2016-06-28 10:46:00]	毕加索 nrf->n
[2016-06-28 10:46:00]	朗朗 z->n
[2016-06-28 10:47:04]	奥迪 nz->n
[2016-06-28 10:47:04]	奔驰 nz->n
[2016-06-28 10:47:04]	本田 nz->n
[2016-06-28 10:47:04]	奔腾 nz->n
[2016-06-28 10:47:04]	比亚迪 nt->n
[2016-06-28 10:47:04]	标致 a->n
[2016-06-28 10:47:04]	长城 ns->n
[2016-06-28 10:47:04]	昌河 nz->n
[2016-06-28 10:47:04]	东南 f->n
[2016-06-28 10:47:04]	道奇 nz->n
[2016-06-28 10:47:04]	法拉利 nz->n
[2016-06-28 10:47:04]	福田 ns->n
[2016-06-28 10:47:04]	福特 nrf->n
[2016-06-28 10:47:04]	丰田 nz->n
[2016-06-28 10:47:04]	菲亚特 nz->n
[2016-06-28 10:47:04]	哈飞 nz->n
[2016-06-28 10:47:04]	黄海 ns->n
[2016-06-28 10:47:04]	华泰 nz->n
[2016-06-28 10:47:04]	江铃 nz->n
[2016-06-28 10:47:04]	吉利 a->n
[2016-06-28 10:47:04]	克莱斯勒 nrf->n
[2016-06-28 10:47:04]	力帆 nz->n
[2016-06-28 10:47:04]	林肯 nr->n
[2016-06-28 10:47:04]	铃木 nz->n
[2016-06-28 10:47:04]	劳斯莱斯 nz->n
[2016-06-28 10:47:04]	摩根 nrf->n
[2016-06-28 10:47:04]	马自达 nz->n
[2016-06-28 10:47:04]	讴歌 v->n
[2016-06-28 10:47:04]	奇瑞 nz->n
[2016-06-28 10:47:04]	起亚 nrf->n
[2016-06-28 10:47:04]	日产 nz->n
[2016-06-28 10:47:04]	三菱 nz->n
[2016-06-28 10:47:04]	沃尔沃 nz->n
[2016-06-28 10:47:04]	雪佛兰 nz->n
[2016-06-28 10:47:04]	雪铁龙 nz->n
[2016-06-28 10:47:04]	中华 nz->n
[2016-06-28 10:47:04]	中兴 ns->n
[2016-06-28 10:47:04]	奇瑞汽车 nt->n
[2016-06-28 10:47:05]	奥迪 nz->n
[2016-06-28 10:47:05]	奔驰 nz->n
[2016-06-28 10:47:05]	本田 nz->n
[2016-06-28 10:47:05]	奔腾 nz->n
[2016-06-28 10:47:05]	比亚迪 nt->n
[2016-06-28 10:47:05]	标致 a->n
[2016-06-28 10:47:05]	长城 ns->n
[2016-06-28 10:47:05]	昌河 nz->n
[2016-06-28 10:47:05]	东南 f->n
[2016-06-28 10:47:05]	道奇 nz->n
[2016-06-28 10:47:05]	法拉利 nz->n
[2016-06-28 10:47:05]	福田 ns->n
[2016-06-28 10:47:05]	福特 nrf->n
[2016-06-28 10:47:05]	丰田 nz->n
[2016-06-28 10:47:05]	菲亚特 nz->n
[2016-06-28 10:47:05]	哈飞 nz->n
[2016-06-28 10:47:05]	黄海 ns->n
[2016-06-28 10:47:05]	华泰 nz->n
[2016-06-28 10:47:05]	江铃 nz->n
[2016-06-28 10:47:05]	吉利 a->n
[2016-06-28 10:47:05]	克莱斯勒 nrf->n
[2016-06-28 10:47:05]	力帆 nz->n
[2016-06-28 10:47:05]	林肯 nr->n
[2016-06-28 10:47:05]	铃木 nz->n
[2016-06-28 10:47:05]	劳斯莱斯 nz->n
[2016-06-28 10:47:05]	摩根 nrf->n
[2016-06-28 10:47:05]	马自达 nz->n
[2016-06-28 10:47:05]	讴歌 v->n
[2016-06-28 10:47:05]	奇瑞 nz->n
[2016-06-28 10:47:05]	起亚 nrf->n
[2016-06-28 10:47:05]	日产 nz->n
[2016-06-28 10:47:05]	三菱 nz->n
[2016-06-28 10:47:05]	沃尔沃 nz->n
[2016-06-28 10:47:05]	雪佛兰 nz->n
[2016-06-28 10:47:05]	雪铁龙 nz->n
[2016-06-28 10:47:05]	中华 nz->n
[2016-06-28 10:47:05]	中兴 ns->n
[2016-06-28 10:47:05]	奇瑞汽车 nt->n
[2016-06-28 10:47:05]	雅致 a->n
[2016-06-28 10:47:05]	飞驰 vi->n
[2016-06-28 10:47:05]	卡宴 ns->n
[2016-06-28 10:47:05]	风光 a->n
[2016-06-28 10:47:05]	捷达 nz->n
[2016-06-28 10:47:05]	桑塔纳 nz->n
[2016-06-28 10:47:05]	福克斯 nrf->n
[2016-06-28 10:47:05]	卡罗拉 nrf->n
[2016-06-28 10:47:05]	赛马 vi->n
[2016-06-28 10:47:05]	圣达菲 nz->n
[2016-06-28 10:47:05]	和悦 a->n
[2016-06-28 10:47:05]	飞腾 vi->n
[2016-06-28 10:47:05]	北斗星 nz->n
[2016-06-28 10:47:05]	威达 nz->n
[2016-06-28 10:47:05]	嘉华 nz->n
[2016-06-28 10:47:05]	楼兰 ns->n
[2016-06-28 10:47:05]	风雅 a->n
[2016-06-28 10:47:05]	富康 nz->n
[2016-06-28 10:47:05]	凯旋 vd->n
[2016-06-28 10:47:05]	毕加索 nrf->n
[2016-06-28 10:47:05]	朗朗 z->n
[2016-06-28 10:48:33]	奥迪 nz->n
[2016-06-28 10:48:33]	奔驰 nz->n
[2016-06-28 10:48:33]	本田 nz->n
[2016-06-28 10:48:33]	奔腾 nz->n
[2016-06-28 10:48:33]	比亚迪 nt->n
[2016-06-28 10:48:33]	标致 a->n
[2016-06-28 10:48:33]	长城 ns->n
[2016-06-28 10:48:33]	昌河 nz->n
[2016-06-28 10:48:33]	东南 f->n
[2016-06-28 10:48:33]	道奇 nz->n
[2016-06-28 10:48:33]	法拉利 nz->n
[2016-06-28 10:48:33]	福田 ns->n
[2016-06-28 10:48:33]	福特 nrf->n
[2016-06-28 10:48:33]	丰田 nz->n
[2016-06-28 10:48:33]	菲亚特 nz->n
[2016-06-28 10:48:33]	哈飞 nz->n
[2016-06-28 10:48:33]	黄海 ns->n
[2016-06-28 10:48:33]	华泰 nz->n
[2016-06-28 10:48:33]	江铃 nz->n
[2016-06-28 10:48:33]	吉利 a->n
[2016-06-28 10:48:33]	克莱斯勒 nrf->n
[2016-06-28 10:48:33]	力帆 nz->n
[2016-06-28 10:48:33]	林肯 nr->n
[2016-06-28 10:48:33]	铃木 nz->n
[2016-06-28 10:48:33]	劳斯莱斯 nz->n
[2016-06-28 10:48:33]	摩根 nrf->n
[2016-06-28 10:48:33]	马自达 nz->n
[2016-06-28 10:48:33]	讴歌 v->n
[2016-06-28 10:48:33]	奇瑞 nz->n
[2016-06-28 10:48:33]	起亚 nrf->n
[2016-06-28 10:48:33]	日产 nz->n
[2016-06-28 10:48:33]	三菱 nz->n
[2016-06-28 10:48:33]	沃尔沃 nz->n
[2016-06-28 10:48:33]	雪佛兰 nz->n
[2016-06-28 10:48:33]	雪铁龙 nz->n
[2016-06-28 10:48:33]	中华 nz->n
[2016-06-28 10:48:33]	中兴 ns->n
[2016-06-28 10:48:33]	奇瑞汽车 nt->n
[2016-06-28 10:48:33]	奥迪 nz->n
[2016-06-28 10:48:33]	奔驰 nz->n
[2016-06-28 10:48:33]	本田 nz->n
[2016-06-28 10:48:33]	奔腾 nz->n
[2016-06-28 10:48:33]	比亚迪 nt->n
[2016-06-28 10:48:33]	标致 a->n
[2016-06-28 10:48:33]	长城 ns->n
[2016-06-28 10:48:33]	昌河 nz->n
[2016-06-28 10:48:33]	东南 f->n
[2016-06-28 10:48:33]	道奇 nz->n
[2016-06-28 10:48:33]	法拉利 nz->n
[2016-06-28 10:48:33]	福田 ns->n
[2016-06-28 10:48:33]	福特 nrf->n
[2016-06-28 10:48:33]	丰田 nz->n
[2016-06-28 10:48:33]	菲亚特 nz->n
[2016-06-28 10:48:33]	哈飞 nz->n
[2016-06-28 10:48:33]	黄海 ns->n
[2016-06-28 10:48:33]	华泰 nz->n
[2016-06-28 10:48:33]	江铃 nz->n
[2016-06-28 10:48:33]	吉利 a->n
[2016-06-28 10:48:33]	克莱斯勒 nrf->n
[2016-06-28 10:48:33]	力帆 nz->n
[2016-06-28 10:48:33]	林肯 nr->n
[2016-06-28 10:48:33]	铃木 nz->n
[2016-06-28 10:48:33]	劳斯莱斯 nz->n
[2016-06-28 10:48:33]	摩根 nrf->n
[2016-06-28 10:48:33]	马自达 nz->n
[2016-06-28 10:48:33]	讴歌 v->n
[2016-06-28 10:48:33]	奇瑞 nz->n
[2016-06-28 10:48:33]	起亚 nrf->n
[2016-06-28 10:48:33]	日产 nz->n
[2016-06-28 10:48:33]	三菱 nz->n
[2016-06-28 10:48:33]	沃尔沃 nz->n
[2016-06-28 10:48:33]	雪佛兰 nz->n
[2016-06-28 10:48:33]	雪铁龙 nz->n
[2016-06-28 10:48:33]	中华 nz->n
[2016-06-28 10:48:33]	中兴 ns->n
[2016-06-28 10:48:33]	奇瑞汽车 nt->n
[2016-06-28 10:48:33]	雅致 a->n
[2016-06-28 10:48:33]	飞驰 vi->n
[2016-06-28 10:48:33]	卡宴 ns->n
[2016-06-28 10:48:33]	风光 a->n
[2016-06-28 10:48:33]	捷达 nz->n
[2016-06-28 10:48:33]	桑塔纳 nz->n
[2016-06-28 10:48:33]	福克斯 nrf->n
[2016-06-28 10:48:33]	卡罗拉 nrf->n
[2016-06-28 10:48:33]	赛马 vi->n
[2016-06-28 10:48:33]	圣达菲 nz->n
[2016-06-28 10:48:33]	和悦 a->n
[2016-06-28 10:48:33]	飞腾 vi->n
[2016-06-28 10:48:33]	北斗星 nz->n
[2016-06-28 10:48:33]	威达 nz->n
[2016-06-28 10:48:33]	嘉华 nz->n
[2016-06-28 10:48:33]	楼兰 ns->n
[2016-06-28 10:48:33]	风雅 a->n
[2016-06-28 10:48:33]	富康 nz->n
[2016-06-28 10:48:33]	凯旋 vd->n
[2016-06-28 10:48:33]	毕加索 nrf->n
[2016-06-28 10:48:33]	朗朗 z->n
[2016-06-28 10:49:08]	奥迪 nz->n
[2016-06-28 10:49:08]	奔驰 nz->n
[2016-06-28 10:49:08]	本田 nz->n
[2016-06-28 10:49:08]	奔腾 nz->n
[2016-06-28 10:49:08]	比亚迪 nt->n
[2016-06-28 10:49:08]	标致 a->n
[2016-06-28 10:49:08]	长城 ns->n
[2016-06-28 10:49:08]	昌河 nz->n
[2016-06-28 10:49:08]	东南 f->n
[2016-06-28 10:49:08]	道奇 nz->n
[2016-06-28 10:49:08]	法拉利 nz->n
[2016-06-28 10:49:08]	福田 ns->n
[2016-06-28 10:49:08]	福特 nrf->n
[2016-06-28 10:49:08]	丰田 nz->n
[2016-06-28 10:49:08]	菲亚特 nz->n
[2016-06-28 10:49:08]	哈飞 nz->n
[2016-06-28 10:49:08]	黄海 ns->n
[2016-06-28 10:49:08]	华泰 nz->n
[2016-06-28 10:49:08]	江铃 nz->n
[2016-06-28 10:49:08]	吉利 a->n
[2016-06-28 10:49:08]	克莱斯勒 nrf->n
[2016-06-28 10:49:08]	力帆 nz->n
[2016-06-28 10:49:08]	林肯 nr->n
[2016-06-28 10:49:08]	铃木 nz->n
[2016-06-28 10:49:08]	劳斯莱斯 nz->n
[2016-06-28 10:49:08]	摩根 nrf->n
[2016-06-28 10:49:08]	马自达 nz->n
[2016-06-28 10:49:08]	讴歌 v->n
[2016-06-28 10:49:08]	奇瑞 nz->n
[2016-06-28 10:49:08]	起亚 nrf->n
[2016-06-28 10:49:08]	日产 nz->n
[2016-06-28 10:49:08]	三菱 nz->n
[2016-06-28 10:49:08]	沃尔沃 nz->n
[2016-06-28 10:49:08]	雪佛兰 nz->n
[2016-06-28 10:49:08]	雪铁龙 nz->n
[2016-06-28 10:49:08]	中华 nz->n
[2016-06-28 10:49:08]	中兴 ns->n
[2016-06-28 10:49:08]	奇瑞汽车 nt->n
[2016-06-28 10:49:08]	奥迪 nz->n
[2016-06-28 10:49:08]	奔驰 nz->n
[2016-06-28 10:49:08]	本田 nz->n
[2016-06-28 10:49:08]	奔腾 nz->n
[2016-06-28 10:49:08]	比亚迪 nt->n
[2016-06-28 10:49:08]	标致 a->n
[2016-06-28 10:49:08]	长城 ns->n
[2016-06-28 10:49:08]	昌河 nz->n
[2016-06-28 10:49:08]	东南 f->n
[2016-06-28 10:49:08]	道奇 nz->n
[2016-06-28 10:49:08]	法拉利 nz->n
[2016-06-28 10:49:08]	福田 ns->n
[2016-06-28 10:49:08]	福特 nrf->n
[2016-06-28 10:49:08]	丰田 nz->n
[2016-06-28 10:49:08]	菲亚特 nz->n
[2016-06-28 10:49:08]	哈飞 nz->n
[2016-06-28 10:49:08]	黄海 ns->n
[2016-06-28 10:49:08]	华泰 nz->n
[2016-06-28 10:49:08]	江铃 nz->n
[2016-06-28 10:49:08]	吉利 a->n
[2016-06-28 10:49:08]	克莱斯勒 nrf->n
[2016-06-28 10:49:08]	力帆 nz->n
[2016-06-28 10:49:08]	林肯 nr->n
[2016-06-28 10:49:08]	铃木 nz->n
[2016-06-28 10:49:08]	劳斯莱斯 nz->n
[2016-06-28 10:49:08]	摩根 nrf->n
[2016-06-28 10:49:08]	马自达 nz->n
[2016-06-28 10:49:08]	讴歌 v->n
[2016-06-28 10:49:08]	奇瑞 nz->n
[2016-06-28 10:49:08]	起亚 nrf->n
[2016-06-28 10:49:08]	日产 nz->n
[2016-06-28 10:49:08]	三菱 nz->n
[2016-06-28 10:49:08]	沃尔沃 nz->n
[2016-06-28 10:49:08]	雪佛兰 nz->n
[2016-06-28 10:49:08]	雪铁龙 nz->n
[2016-06-28 10:49:08]	中华 nz->n
[2016-06-28 10:49:08]	中兴 ns->n
[2016-06-28 10:49:08]	奇瑞汽车 nt->n
[2016-06-28 10:49:08]	雅致 a->n
[2016-06-28 10:49:08]	飞驰 vi->n
[2016-06-28 10:49:08]	卡宴 ns->n
[2016-06-28 10:49:08]	风光 a->n
[2016-06-28 10:49:08]	捷达 nz->n
[2016-06-28 10:49:08]	桑塔纳 nz->n
[2016-06-28 10:49:08]	福克斯 nrf->n
[2016-06-28 10:49:08]	卡罗拉 nrf->n
[2016-06-28 10:49:08]	赛马 vi->n
[2016-06-28 10:49:08]	圣达菲 nz->n
[2016-06-28 10:49:08]	和悦 a->n
[2016-06-28 10:49:08]	飞腾 vi->n
[2016-06-28 10:49:08]	北斗星 nz->n
[2016-06-28 10:49:08]	威达 nz->n
[2016-06-28 10:49:08]	嘉华 nz->n
[2016-06-28 10:49:08]	楼兰 ns->n
[2016-06-28 10:49:08]	风雅 a->n
[2016-06-28 10:49:08]	富康 nz->n
[2016-06-28 10:49:08]	凯旋 vd->n
[2016-06-28 10:49:08]	毕加索 nrf->n
[2016-06-28 10:49:08]	朗朗 z->n
[2016-06-28 10:57:31]	奥迪 nz->n
[2016-06-28 10:57:31]	奔驰 nz->n
[2016-06-28 10:57:31]	本田 nz->n
[2016-06-28 10:57:31]	奔腾 nz->n
[2016-06-28 10:57:31]	比亚迪 nt->n
[2016-06-28 10:57:31]	标致 a->n
[2016-06-28 10:57:31]	长城 ns->n
[2016-06-28 10:57:31]	昌河 nz->n
[2016-06-28 10:57:31]	东南 f->n
[2016-06-28 10:57:31]	道奇 nz->n
[2016-06-28 10:57:31]	法拉利 nz->n
[2016-06-28 10:57:31]	福田 ns->n
[2016-06-28 10:57:31]	福特 nrf->n
[2016-06-28 10:57:31]	丰田 nz->n
[2016-06-28 10:57:31]	菲亚特 nz->n
[2016-06-28 10:57:31]	哈飞 nz->n
[2016-06-28 10:57:31]	黄海 ns->n
[2016-06-28 10:57:31]	华泰 nz->n
[2016-06-28 10:57:31]	江铃 nz->n
[2016-06-28 10:57:31]	吉利 a->n
[2016-06-28 10:57:31]	克莱斯勒 nrf->n
[2016-06-28 10:57:31]	力帆 nz->n
[2016-06-28 10:57:31]	林肯 nr->n
[2016-06-28 10:57:31]	铃木 nz->n
[2016-06-28 10:57:31]	劳斯莱斯 nz->n
[2016-06-28 10:57:31]	摩根 nrf->n
[2016-06-28 10:57:31]	马自达 nz->n
[2016-06-28 10:57:31]	讴歌 v->n
[2016-06-28 10:57:31]	奇瑞 nz->n
[2016-06-28 10:57:31]	起亚 nrf->n
[2016-06-28 10:57:31]	日产 nz->n
[2016-06-28 10:57:31]	三菱 nz->n
[2016-06-28 10:57:31]	沃尔沃 nz->n
[2016-06-28 10:57:31]	雪佛兰 nz->n
[2016-06-28 10:57:31]	雪铁龙 nz->n
[2016-06-28 10:57:31]	中华 nz->n
[2016-06-28 10:57:31]	中兴 ns->n
[2016-06-28 10:57:31]	奇瑞汽车 nt->n
[2016-06-28 10:57:31]	奥迪 nz->n
[2016-06-28 10:57:31]	奔驰 nz->n
[2016-06-28 10:57:31]	本田 nz->n
[2016-06-28 10:57:31]	奔腾 nz->n
[2016-06-28 10:57:31]	比亚迪 nt->n
[2016-06-28 10:57:31]	标致 a->n
[2016-06-28 10:57:31]	长城 ns->n
[2016-06-28 10:57:31]	昌河 nz->n
[2016-06-28 10:57:31]	东南 f->n
[2016-06-28 10:57:31]	道奇 nz->n
[2016-06-28 10:57:31]	法拉利 nz->n
[2016-06-28 10:57:31]	福田 ns->n
[2016-06-28 10:57:31]	福特 nrf->n
[2016-06-28 10:57:31]	丰田 nz->n
[2016-06-28 10:57:31]	菲亚特 nz->n
[2016-06-28 10:57:31]	哈飞 nz->n
[2016-06-28 10:57:31]	黄海 ns->n
[2016-06-28 10:57:31]	华泰 nz->n
[2016-06-28 10:57:31]	江铃 nz->n
[2016-06-28 10:57:31]	吉利 a->n
[2016-06-28 10:57:31]	克莱斯勒 nrf->n
[2016-06-28 10:57:31]	力帆 nz->n
[2016-06-28 10:57:31]	林肯 nr->n
[2016-06-28 10:57:31]	铃木 nz->n
[2016-06-28 10:57:31]	劳斯莱斯 nz->n
[2016-06-28 10:57:31]	摩根 nrf->n
[2016-06-28 10:57:31]	马自达 nz->n
[2016-06-28 10:57:31]	讴歌 v->n
[2016-06-28 10:57:31]	奇瑞 nz->n
[2016-06-28 10:57:31]	起亚 nrf->n
[2016-06-28 10:57:31]	日产 nz->n
[2016-06-28 10:57:31]	三菱 nz->n
[2016-06-28 10:57:31]	沃尔沃 nz->n
[2016-06-28 10:57:31]	雪佛兰 nz->n
[2016-06-28 10:57:31]	雪铁龙 nz->n
[2016-06-28 10:57:31]	中华 nz->n
[2016-06-28 10:57:31]	中兴 ns->n
[2016-06-28 10:57:31]	奇瑞汽车 nt->n
[2016-06-28 10:57:31]	雅致 a->n
[2016-06-28 10:57:31]	飞驰 vi->n
[2016-06-28 10:57:31]	卡宴 ns->n
[2016-06-28 10:57:31]	风光 a->n
[2016-06-28 10:57:31]	捷达 nz->n
[2016-06-28 10:57:31]	桑塔纳 nz->n
[2016-06-28 10:57:31]	福克斯 nrf->n
[2016-06-28 10:57:31]	卡罗拉 nrf->n
[2016-06-28 10:57:31]	赛马 vi->n
[2016-06-28 10:57:31]	圣达菲 nz->n
[2016-06-28 10:57:31]	和悦 a->n
[2016-06-28 10:57:31]	飞腾 vi->n
[2016-06-28 10:57:31]	北斗星 nz->n
[2016-06-28 10:57:31]	威达 nz->n
[2016-06-28 10:57:31]	嘉华 nz->n
[2016-06-28 10:57:31]	楼兰 ns->n
[2016-06-28 10:57:31]	风雅 a->n
[2016-06-28 10:57:31]	富康 nz->n
[2016-06-28 10:57:31]	凯旋 vd->n
[2016-06-28 10:57:31]	毕加索 nrf->n
[2016-06-28 10:57:31]	朗朗 z->n
[2016-06-28 14:56:53]	奥迪 nz->n
[2016-06-28 14:56:53]	奔驰 nz->n
[2016-06-28 14:56:53]	本田 nz->n
[2016-06-28 14:56:53]	奔腾 nz->n
[2016-06-28 14:56:53]	比亚迪 nt->n
[2016-06-28 14:56:53]	标致 a->n
[2016-06-28 14:56:53]	长城 ns->n
[2016-06-28 14:56:53]	昌河 nz->n
[2016-06-28 14:56:53]	东南 f->n
[2016-06-28 14:56:53]	道奇 nz->n
[2016-06-28 14:56:53]	法拉利 nz->n
[2016-06-28 14:56:53]	福田 ns->n
[2016-06-28 14:56:53]	福特 nrf->n
[2016-06-28 14:56:53]	丰田 nz->n
[2016-06-28 14:56:53]	菲亚特 nz->n
[2016-06-28 14:56:53]	哈飞 nz->n
[2016-06-28 14:56:53]	黄海 ns->n
[2016-06-28 14:56:53]	华泰 nz->n
[2016-06-28 14:56:53]	江铃 nz->n
[2016-06-28 14:56:53]	吉利 a->n
[2016-06-28 14:56:53]	克莱斯勒 nrf->n
[2016-06-28 14:56:53]	力帆 nz->n
[2016-06-28 14:56:53]	林肯 nr->n
[2016-06-28 14:56:53]	铃木 nz->n
[2016-06-28 14:56:53]	劳斯莱斯 nz->n
[2016-06-28 14:56:53]	摩根 nrf->n
[2016-06-28 14:56:53]	马自达 nz->n
[2016-06-28 14:56:53]	讴歌 v->n
[2016-06-28 14:56:53]	奇瑞 nz->n
[2016-06-28 14:56:53]	起亚 nrf->n
[2016-06-28 14:56:53]	日产 nz->n
[2016-06-28 14:56:53]	三菱 nz->n
[2016-06-28 14:56:53]	沃尔沃 nz->n
[2016-06-28 14:56:53]	雪佛兰 nz->n
[2016-06-28 14:56:53]	雪铁龙 nz->n
[2016-06-28 14:56:53]	中华 nz->n
[2016-06-28 14:56:53]	中兴 ns->n
[2016-06-28 14:56:53]	奇瑞汽车 nt->n
[2016-06-28 14:56:53]	奥迪 nz->n
[2016-06-28 14:56:53]	奔驰 nz->n
[2016-06-28 14:56:53]	本田 nz->n
[2016-06-28 14:56:53]	奔腾 nz->n
[2016-06-28 14:56:53]	比亚迪 nt->n
[2016-06-28 14:56:53]	标致 a->n
[2016-06-28 14:56:53]	长城 ns->n
[2016-06-28 14:56:53]	昌河 nz->n
[2016-06-28 14:56:53]	东南 f->n
[2016-06-28 14:56:53]	道奇 nz->n
[2016-06-28 14:56:53]	法拉利 nz->n
[2016-06-28 14:56:53]	福田 ns->n
[2016-06-28 14:56:53]	福特 nrf->n
[2016-06-28 14:56:53]	丰田 nz->n
[2016-06-28 14:56:53]	菲亚特 nz->n
[2016-06-28 14:56:53]	哈飞 nz->n
[2016-06-28 14:56:53]	黄海 ns->n
[2016-06-28 14:56:53]	华泰 nz->n
[2016-06-28 14:56:53]	江铃 nz->n
[2016-06-28 14:56:53]	吉利 a->n
[2016-06-28 14:56:53]	克莱斯勒 nrf->n
[2016-06-28 14:56:53]	力帆 nz->n
[2016-06-28 14:56:53]	林肯 nr->n
[2016-06-28 14:56:53]	铃木 nz->n
[2016-06-28 14:56:53]	劳斯莱斯 nz->n
[2016-06-28 14:56:53]	摩根 nrf->n
[2016-06-28 14:56:53]	马自达 nz->n
[2016-06-28 14:56:53]	讴歌 v->n
[2016-06-28 14:56:53]	奇瑞 nz->n
[2016-06-28 14:56:53]	起亚 nrf->n
[2016-06-28 14:56:53]	日产 nz->n
[2016-06-28 14:56:53]	三菱 nz->n
[2016-06-28 14:56:53]	沃尔沃 nz->n
[2016-06-28 14:56:53]	雪佛兰 nz->n
[2016-06-28 14:56:53]	雪铁龙 nz->n
[2016-06-28 14:56:53]	中华 nz->n
[2016-06-28 14:56:53]	中兴 ns->n
[2016-06-28 14:56:53]	奇瑞汽车 nt->n
[2016-06-28 14:56:53]	雅致 a->n
[2016-06-28 14:56:53]	飞驰 vi->n
[2016-06-28 14:56:53]	卡宴 ns->n
[2016-06-28 14:56:53]	风光 a->n
[2016-06-28 14:56:53]	捷达 nz->n
[2016-06-28 14:56:53]	桑塔纳 nz->n
[2016-06-28 14:56:53]	福克斯 nrf->n
[2016-06-28 14:56:53]	卡罗拉 nrf->n
[2016-06-28 14:56:53]	赛马 vi->n
[2016-06-28 14:56:53]	圣达菲 nz->n
[2016-06-28 14:56:53]	和悦 a->n
[2016-06-28 14:56:53]	飞腾 vi->n
[2016-06-28 14:56:53]	北斗星 nz->n
[2016-06-28 14:56:53]	威达 nz->n
[2016-06-28 14:56:53]	嘉华 nz->n
[2016-06-28 14:56:53]	楼兰 ns->n
[2016-06-28 14:56:53]	风雅 a->n
[2016-06-28 14:56:53]	富康 nz->n
[2016-06-28 14:56:53]	凯旋 vd->n
[2016-06-28 14:56:53]	毕加索 nrf->n
[2016-06-28 14:56:53]	朗朗 z->n
[2016-06-28 14:58:06]	奥迪 nz->n
[2016-06-28 14:58:06]	奔驰 nz->n
[2016-06-28 14:58:06]	本田 nz->n
[2016-06-28 14:58:06]	奔腾 nz->n
[2016-06-28 14:58:06]	比亚迪 nt->n
[2016-06-28 14:58:06]	标致 a->n
[2016-06-28 14:58:06]	长城 ns->n
[2016-06-28 14:58:06]	昌河 nz->n
[2016-06-28 14:58:06]	东南 f->n
[2016-06-28 14:58:06]	道奇 nz->n
[2016-06-28 14:58:06]	法拉利 nz->n
[2016-06-28 14:58:06]	福田 ns->n
[2016-06-28 14:58:06]	福特 nrf->n
[2016-06-28 14:58:06]	丰田 nz->n
[2016-06-28 14:58:06]	菲亚特 nz->n
[2016-06-28 14:58:06]	哈飞 nz->n
[2016-06-28 14:58:06]	黄海 ns->n
[2016-06-28 14:58:06]	华泰 nz->n
[2016-06-28 14:58:06]	江铃 nz->n
[2016-06-28 14:58:06]	吉利 a->n
[2016-06-28 14:58:06]	克莱斯勒 nrf->n
[2016-06-28 14:58:06]	力帆 nz->n
[2016-06-28 14:58:06]	林肯 nr->n
[2016-06-28 14:58:06]	铃木 nz->n
[2016-06-28 14:58:06]	劳斯莱斯 nz->n
[2016-06-28 14:58:06]	摩根 nrf->n
[2016-06-28 14:58:06]	马自达 nz->n
[2016-06-28 14:58:06]	讴歌 v->n
[2016-06-28 14:58:06]	奇瑞 nz->n
[2016-06-28 14:58:06]	起亚 nrf->n
[2016-06-28 14:58:06]	日产 nz->n
[2016-06-28 14:58:06]	三菱 nz->n
[2016-06-28 14:58:06]	沃尔沃 nz->n
[2016-06-28 14:58:06]	雪佛兰 nz->n
[2016-06-28 14:58:06]	雪铁龙 nz->n
[2016-06-28 14:58:06]	中华 nz->n
[2016-06-28 14:58:06]	中兴 ns->n
[2016-06-28 14:58:06]	奇瑞汽车 nt->n
[2016-06-28 14:58:06]	奥迪 nz->n
[2016-06-28 14:58:06]	奔驰 nz->n
[2016-06-28 14:58:06]	本田 nz->n
[2016-06-28 14:58:06]	奔腾 nz->n
[2016-06-28 14:58:06]	比亚迪 nt->n
[2016-06-28 14:58:06]	标致 a->n
[2016-06-28 14:58:06]	长城 ns->n
[2016-06-28 14:58:06]	昌河 nz->n
[2016-06-28 14:58:06]	东南 f->n
[2016-06-28 14:58:06]	道奇 nz->n
[2016-06-28 14:58:06]	法拉利 nz->n
[2016-06-28 14:58:06]	福田 ns->n
[2016-06-28 14:58:06]	福特 nrf->n
[2016-06-28 14:58:06]	丰田 nz->n
[2016-06-28 14:58:06]	菲亚特 nz->n
[2016-06-28 14:58:06]	哈飞 nz->n
[2016-06-28 14:58:06]	黄海 ns->n
[2016-06-28 14:58:06]	华泰 nz->n
[2016-06-28 14:58:06]	江铃 nz->n
[2016-06-28 14:58:06]	吉利 a->n
[2016-06-28 14:58:06]	克莱斯勒 nrf->n
[2016-06-28 14:58:06]	力帆 nz->n
[2016-06-28 14:58:06]	林肯 nr->n
[2016-06-28 14:58:06]	铃木 nz->n
[2016-06-28 14:58:06]	劳斯莱斯 nz->n
[2016-06-28 14:58:06]	摩根 nrf->n
[2016-06-28 14:58:06]	马自达 nz->n
[2016-06-28 14:58:06]	讴歌 v->n
[2016-06-28 14:58:06]	奇瑞 nz->n
[2016-06-28 14:58:06]	起亚 nrf->n
[2016-06-28 14:58:06]	日产 nz->n
[2016-06-28 14:58:06]	三菱 nz->n
[2016-06-28 14:58:06]	沃尔沃 nz->n
[2016-06-28 14:58:06]	雪佛兰 nz->n
[2016-06-28 14:58:06]	雪铁龙 nz->n
[2016-06-28 14:58:06]	中华 nz->n
[2016-06-28 14:58:06]	中兴 ns->n
[2016-06-28 14:58:06]	奇瑞汽车 nt->n
[2016-06-28 14:58:06]	雅致 a->n
[2016-06-28 14:58:06]	飞驰 vi->n
[2016-06-28 14:58:06]	卡宴 ns->n
[2016-06-28 14:58:06]	风光 a->n
[2016-06-28 14:58:06]	捷达 nz->n
[2016-06-28 14:58:06]	桑塔纳 nz->n
[2016-06-28 14:58:06]	福克斯 nrf->n
[2016-06-28 14:58:06]	卡罗拉 nrf->n
[2016-06-28 14:58:06]	赛马 vi->n
[2016-06-28 14:58:06]	圣达菲 nz->n
[2016-06-28 14:58:06]	和悦 a->n
[2016-06-28 14:58:06]	飞腾 vi->n
[2016-06-28 14:58:06]	北斗星 nz->n
[2016-06-28 14:58:06]	威达 nz->n
[2016-06-28 14:58:06]	嘉华 nz->n
[2016-06-28 14:58:06]	楼兰 ns->n
[2016-06-28 14:58:06]	风雅 a->n
[2016-06-28 14:58:06]	富康 nz->n
[2016-06-28 14:58:06]	凯旋 vd->n
[2016-06-28 14:58:06]	毕加索 nrf->n
[2016-06-28 14:58:06]	朗朗 z->n
[2016-06-28 14:58:26]	奥迪 nz->n
[2016-06-28 14:58:26]	奔驰 nz->n
[2016-06-28 14:58:26]	本田 nz->n
[2016-06-28 14:58:26]	奔腾 nz->n
[2016-06-28 14:58:26]	比亚迪 nt->n
[2016-06-28 14:58:26]	标致 a->n
[2016-06-28 14:58:26]	长城 ns->n
[2016-06-28 14:58:26]	昌河 nz->n
[2016-06-28 14:58:26]	东南 f->n
[2016-06-28 14:58:26]	道奇 nz->n
[2016-06-28 14:58:26]	法拉利 nz->n
[2016-06-28 14:58:26]	福田 ns->n
[2016-06-28 14:58:26]	福特 nrf->n
[2016-06-28 14:58:26]	丰田 nz->n
[2016-06-28 14:58:26]	菲亚特 nz->n
[2016-06-28 14:58:26]	哈飞 nz->n
[2016-06-28 14:58:26]	黄海 ns->n
[2016-06-28 14:58:26]	华泰 nz->n
[2016-06-28 14:58:26]	江铃 nz->n
[2016-06-28 14:58:26]	吉利 a->n
[2016-06-28 14:58:26]	克莱斯勒 nrf->n
[2016-06-28 14:58:26]	力帆 nz->n
[2016-06-28 14:58:26]	林肯 nr->n
[2016-06-28 14:58:26]	铃木 nz->n
[2016-06-28 14:58:26]	劳斯莱斯 nz->n
[2016-06-28 14:58:26]	摩根 nrf->n
[2016-06-28 14:58:26]	马自达 nz->n
[2016-06-28 14:58:26]	讴歌 v->n
[2016-06-28 14:58:26]	奇瑞 nz->n
[2016-06-28 14:58:26]	起亚 nrf->n
[2016-06-28 14:58:26]	日产 nz->n
[2016-06-28 14:58:26]	三菱 nz->n
[2016-06-28 14:58:26]	沃尔沃 nz->n
[2016-06-28 14:58:26]	雪佛兰 nz->n
[2016-06-28 14:58:26]	雪铁龙 nz->n
[2016-06-28 14:58:26]	中华 nz->n
[2016-06-28 14:58:26]	中兴 ns->n
[2016-06-28 14:58:26]	奇瑞汽车 nt->n
[2016-06-28 14:58:26]	奥迪 nz->n
[2016-06-28 14:58:26]	奔驰 nz->n
[2016-06-28 14:58:26]	本田 nz->n
[2016-06-28 14:58:26]	奔腾 nz->n
[2016-06-28 14:58:26]	比亚迪 nt->n
[2016-06-28 14:58:26]	标致 a->n
[2016-06-28 14:58:26]	长城 ns->n
[2016-06-28 14:58:26]	昌河 nz->n
[2016-06-28 14:58:26]	东南 f->n
[2016-06-28 14:58:26]	道奇 nz->n
[2016-06-28 14:58:26]	法拉利 nz->n
[2016-06-28 14:58:26]	福田 ns->n
[2016-06-28 14:58:26]	福特 nrf->n
[2016-06-28 14:58:26]	丰田 nz->n
[2016-06-28 14:58:26]	菲亚特 nz->n
[2016-06-28 14:58:26]	哈飞 nz->n
[2016-06-28 14:58:26]	黄海 ns->n
[2016-06-28 14:58:26]	华泰 nz->n
[2016-06-28 14:58:26]	江铃 nz->n
[2016-06-28 14:58:26]	吉利 a->n
[2016-06-28 14:58:26]	克莱斯勒 nrf->n
[2016-06-28 14:58:26]	力帆 nz->n
[2016-06-28 14:58:26]	林肯 nr->n
[2016-06-28 14:58:26]	铃木 nz->n
[2016-06-28 14:58:26]	劳斯莱斯 nz->n
[2016-06-28 14:58:26]	摩根 nrf->n
[2016-06-28 14:58:26]	马自达 nz->n
[2016-06-28 14:58:26]	讴歌 v->n
[2016-06-28 14:58:26]	奇瑞 nz->n
[2016-06-28 14:58:26]	起亚 nrf->n
[2016-06-28 14:58:26]	日产 nz->n
[2016-06-28 14:58:26]	三菱 nz->n
[2016-06-28 14:58:26]	沃尔沃 nz->n
[2016-06-28 14:58:26]	雪佛兰 nz->n
[2016-06-28 14:58:26]	雪铁龙 nz->n
[2016-06-28 14:58:26]	中华 nz->n
[2016-06-28 14:58:26]	中兴 ns->n
[2016-06-28 14:58:26]	奇瑞汽车 nt->n
[2016-06-28 14:58:26]	雅致 a->n
[2016-06-28 14:58:26]	飞驰 vi->n
[2016-06-28 14:58:26]	卡宴 ns->n
[2016-06-28 14:58:26]	风光 a->n
[2016-06-28 14:58:26]	捷达 nz->n
[2016-06-28 14:58:26]	桑塔纳 nz->n
[2016-06-28 14:58:26]	福克斯 nrf->n
[2016-06-28 14:58:26]	卡罗拉 nrf->n
[2016-06-28 14:58:26]	赛马 vi->n
[2016-06-28 14:58:26]	圣达菲 nz->n
[2016-06-28 14:58:26]	和悦 a->n
[2016-06-28 14:58:26]	飞腾 vi->n
[2016-06-28 14:58:26]	北斗星 nz->n
[2016-06-28 14:58:26]	威达 nz->n
[2016-06-28 14:58:26]	嘉华 nz->n
[2016-06-28 14:58:26]	楼兰 ns->n
[2016-06-28 14:58:26]	风雅 a->n
[2016-06-28 14:58:26]	富康 nz->n
[2016-06-28 14:58:26]	凯旋 vd->n
[2016-06-28 14:58:26]	毕加索 nrf->n
[2016-06-28 14:58:26]	朗朗 z->n
[2016-06-28 15:00:33]	奥迪 nz->n
[2016-06-28 15:00:33]	奔驰 nz->n
[2016-06-28 15:00:33]	本田 nz->n
[2016-06-28 15:00:33]	奔腾 nz->n
[2016-06-28 15:00:33]	比亚迪 nt->n
[2016-06-28 15:00:33]	标致 a->n
[2016-06-28 15:00:33]	长城 ns->n
[2016-06-28 15:00:33]	昌河 nz->n
[2016-06-28 15:00:33]	东南 f->n
[2016-06-28 15:00:33]	道奇 nz->n
[2016-06-28 15:00:33]	法拉利 nz->n
[2016-06-28 15:00:33]	福田 ns->n
[2016-06-28 15:00:33]	福特 nrf->n
[2016-06-28 15:00:33]	丰田 nz->n
[2016-06-28 15:00:33]	菲亚特 nz->n
[2016-06-28 15:00:33]	哈飞 nz->n
[2016-06-28 15:00:33]	黄海 ns->n
[2016-06-28 15:00:33]	华泰 nz->n
[2016-06-28 15:00:33]	江铃 nz->n
[2016-06-28 15:00:33]	吉利 a->n
[2016-06-28 15:00:33]	克莱斯勒 nrf->n
[2016-06-28 15:00:33]	力帆 nz->n
[2016-06-28 15:00:33]	林肯 nr->n
[2016-06-28 15:00:33]	铃木 nz->n
[2016-06-28 15:00:33]	劳斯莱斯 nz->n
[2016-06-28 15:00:33]	摩根 nrf->n
[2016-06-28 15:00:33]	马自达 nz->n
[2016-06-28 15:00:33]	讴歌 v->n
[2016-06-28 15:00:33]	奇瑞 nz->n
[2016-06-28 15:00:33]	起亚 nrf->n
[2016-06-28 15:00:33]	日产 nz->n
[2016-06-28 15:00:33]	三菱 nz->n
[2016-06-28 15:00:33]	沃尔沃 nz->n
[2016-06-28 15:00:33]	雪佛兰 nz->n
[2016-06-28 15:00:33]	雪铁龙 nz->n
[2016-06-28 15:00:33]	中华 nz->n
[2016-06-28 15:00:33]	中兴 ns->n
[2016-06-28 15:00:33]	奇瑞汽车 nt->n
[2016-06-28 15:00:33]	奥迪 nz->n
[2016-06-28 15:00:33]	奔驰 nz->n
[2016-06-28 15:00:33]	本田 nz->n
[2016-06-28 15:00:33]	奔腾 nz->n
[2016-06-28 15:00:33]	比亚迪 nt->n
[2016-06-28 15:00:33]	标致 a->n
[2016-06-28 15:00:33]	长城 ns->n
[2016-06-28 15:00:33]	昌河 nz->n
[2016-06-28 15:00:33]	东南 f->n
[2016-06-28 15:00:33]	道奇 nz->n
[2016-06-28 15:00:33]	法拉利 nz->n
[2016-06-28 15:00:33]	福田 ns->n
[2016-06-28 15:00:33]	福特 nrf->n
[2016-06-28 15:00:33]	丰田 nz->n
[2016-06-28 15:00:33]	菲亚特 nz->n
[2016-06-28 15:00:33]	哈飞 nz->n
[2016-06-28 15:00:33]	黄海 ns->n
[2016-06-28 15:00:33]	华泰 nz->n
[2016-06-28 15:00:33]	江铃 nz->n
[2016-06-28 15:00:33]	吉利 a->n
[2016-06-28 15:00:33]	克莱斯勒 nrf->n
[2016-06-28 15:00:33]	力帆 nz->n
[2016-06-28 15:00:33]	林肯 nr->n
[2016-06-28 15:00:33]	铃木 nz->n
[2016-06-28 15:00:33]	劳斯莱斯 nz->n
[2016-06-28 15:00:33]	摩根 nrf->n
[2016-06-28 15:00:33]	马自达 nz->n
[2016-06-28 15:00:33]	讴歌 v->n
[2016-06-28 15:00:33]	奇瑞 nz->n
[2016-06-28 15:00:33]	起亚 nrf->n
[2016-06-28 15:00:33]	日产 nz->n
[2016-06-28 15:00:33]	三菱 nz->n
[2016-06-28 15:00:33]	沃尔沃 nz->n
[2016-06-28 15:00:33]	雪佛兰 nz->n
[2016-06-28 15:00:33]	雪铁龙 nz->n
[2016-06-28 15:00:33]	中华 nz->n
[2016-06-28 15:00:33]	中兴 ns->n
[2016-06-28 15:00:33]	奇瑞汽车 nt->n
[2016-06-28 15:00:33]	雅致 a->n
[2016-06-28 15:00:33]	飞驰 vi->n
[2016-06-28 15:00:33]	卡宴 ns->n
[2016-06-28 15:00:33]	风光 a->n
[2016-06-28 15:00:33]	捷达 nz->n
[2016-06-28 15:00:33]	桑塔纳 nz->n
[2016-06-28 15:00:33]	福克斯 nrf->n
[2016-06-28 15:00:33]	卡罗拉 nrf->n
[2016-06-28 15:00:33]	赛马 vi->n
[2016-06-28 15:00:33]	圣达菲 nz->n
[2016-06-28 15:00:33]	和悦 a->n
[2016-06-28 15:00:33]	飞腾 vi->n
[2016-06-28 15:00:33]	北斗星 nz->n
[2016-06-28 15:00:33]	威达 nz->n
[2016-06-28 15:00:33]	嘉华 nz->n
[2016-06-28 15:00:33]	楼兰 ns->n
[2016-06-28 15:00:33]	风雅 a->n
[2016-06-28 15:00:33]	富康 nz->n
[2016-06-28 15:00:33]	凯旋 vd->n
[2016-06-28 15:00:33]	毕加索 nrf->n
[2016-06-28 15:00:33]	朗朗 z->n
[2016-06-28 15:02:09]	奥迪 nz->n
[2016-06-28 15:02:09]	奔驰 nz->n
[2016-06-28 15:02:09]	本田 nz->n
[2016-06-28 15:02:09]	奔腾 nz->n
[2016-06-28 15:02:09]	比亚迪 nt->n
[2016-06-28 15:02:09]	标致 a->n
[2016-06-28 15:02:09]	长城 ns->n
[2016-06-28 15:02:09]	昌河 nz->n
[2016-06-28 15:02:09]	东南 f->n
[2016-06-28 15:02:09]	道奇 nz->n
[2016-06-28 15:02:09]	法拉利 nz->n
[2016-06-28 15:02:09]	福田 ns->n
[2016-06-28 15:02:09]	福特 nrf->n
[2016-06-28 15:02:09]	丰田 nz->n
[2016-06-28 15:02:09]	菲亚特 nz->n
[2016-06-28 15:02:09]	哈飞 nz->n
[2016-06-28 15:02:09]	黄海 ns->n
[2016-06-28 15:02:09]	华泰 nz->n
[2016-06-28 15:02:09]	江铃 nz->n
[2016-06-28 15:02:09]	吉利 a->n
[2016-06-28 15:02:09]	克莱斯勒 nrf->n
[2016-06-28 15:02:09]	力帆 nz->n
[2016-06-28 15:02:09]	林肯 nr->n
[2016-06-28 15:02:09]	铃木 nz->n
[2016-06-28 15:02:09]	劳斯莱斯 nz->n
[2016-06-28 15:02:09]	摩根 nrf->n
[2016-06-28 15:02:09]	马自达 nz->n
[2016-06-28 15:02:09]	讴歌 v->n
[2016-06-28 15:02:09]	奇瑞 nz->n
[2016-06-28 15:02:09]	起亚 nrf->n
[2016-06-28 15:02:09]	日产 nz->n
[2016-06-28 15:02:09]	三菱 nz->n
[2016-06-28 15:02:09]	沃尔沃 nz->n
[2016-06-28 15:02:09]	雪佛兰 nz->n
[2016-06-28 15:02:09]	雪铁龙 nz->n
[2016-06-28 15:02:09]	中华 nz->n
[2016-06-28 15:02:09]	中兴 ns->n
[2016-06-28 15:02:09]	奇瑞汽车 nt->n
[2016-06-28 15:02:09]	奥迪 nz->n
[2016-06-28 15:02:09]	奔驰 nz->n
[2016-06-28 15:02:09]	本田 nz->n
[2016-06-28 15:02:09]	奔腾 nz->n
[2016-06-28 15:02:09]	比亚迪 nt->n
[2016-06-28 15:02:09]	标致 a->n
[2016-06-28 15:02:09]	长城 ns->n
[2016-06-28 15:02:09]	昌河 nz->n
[2016-06-28 15:02:09]	东南 f->n
[2016-06-28 15:02:09]	道奇 nz->n
[2016-06-28 15:02:09]	法拉利 nz->n
[2016-06-28 15:02:09]	福田 ns->n
[2016-06-28 15:02:09]	福特 nrf->n
[2016-06-28 15:02:09]	丰田 nz->n
[2016-06-28 15:02:09]	菲亚特 nz->n
[2016-06-28 15:02:09]	哈飞 nz->n
[2016-06-28 15:02:09]	黄海 ns->n
[2016-06-28 15:02:09]	华泰 nz->n
[2016-06-28 15:02:09]	江铃 nz->n
[2016-06-28 15:02:09]	吉利 a->n
[2016-06-28 15:02:09]	克莱斯勒 nrf->n
[2016-06-28 15:02:09]	力帆 nz->n
[2016-06-28 15:02:09]	林肯 nr->n
[2016-06-28 15:02:09]	铃木 nz->n
[2016-06-28 15:02:09]	劳斯莱斯 nz->n
[2016-06-28 15:02:09]	摩根 nrf->n
[2016-06-28 15:02:09]	马自达 nz->n
[2016-06-28 15:02:09]	讴歌 v->n
[2016-06-28 15:02:09]	奇瑞 nz->n
[2016-06-28 15:02:09]	起亚 nrf->n
[2016-06-28 15:02:09]	日产 nz->n
[2016-06-28 15:02:09]	三菱 nz->n
[2016-06-28 15:02:09]	沃尔沃 nz->n
[2016-06-28 15:02:09]	雪佛兰 nz->n
[2016-06-28 15:02:09]	雪铁龙 nz->n
[2016-06-28 15:02:09]	中华 nz->n
[2016-06-28 15:02:09]	中兴 ns->n
[2016-06-28 15:02:09]	奇瑞汽车 nt->n
[2016-06-28 15:02:09]	雅致 a->n
[2016-06-28 15:02:09]	飞驰 vi->n
[2016-06-28 15:02:09]	卡宴 ns->n
[2016-06-28 15:02:09]	风光 a->n
[2016-06-28 15:02:09]	捷达 nz->n
[2016-06-28 15:02:09]	桑塔纳 nz->n
[2016-06-28 15:02:09]	福克斯 nrf->n
[2016-06-28 15:02:09]	卡罗拉 nrf->n
[2016-06-28 15:02:09]	赛马 vi->n
[2016-06-28 15:02:09]	圣达菲 nz->n
[2016-06-28 15:02:09]	和悦 a->n
[2016-06-28 15:02:09]	飞腾 vi->n
[2016-06-28 15:02:09]	北斗星 nz->n
[2016-06-28 15:02:09]	威达 nz->n
[2016-06-28 15:02:09]	嘉华 nz->n
[2016-06-28 15:02:09]	楼兰 ns->n
[2016-06-28 15:02:09]	风雅 a->n
[2016-06-28 15:02:09]	富康 nz->n
[2016-06-28 15:02:09]	凯旋 vd->n
[2016-06-28 15:02:09]	毕加索 nrf->n
[2016-06-28 15:02:09]	朗朗 z->n
[2016-06-28 15:07:04]	奥迪 nz->n
[2016-06-28 15:07:04]	奔驰 nz->n
[2016-06-28 15:07:04]	本田 nz->n
[2016-06-28 15:07:04]	奔腾 nz->n
[2016-06-28 15:07:04]	比亚迪 nt->n
[2016-06-28 15:07:04]	标致 a->n
[2016-06-28 15:07:04]	长城 ns->n
[2016-06-28 15:07:04]	昌河 nz->n
[2016-06-28 15:07:04]	东南 f->n
[2016-06-28 15:07:04]	道奇 nz->n
[2016-06-28 15:07:04]	法拉利 nz->n
[2016-06-28 15:07:04]	福田 ns->n
[2016-06-28 15:07:04]	福特 nrf->n
[2016-06-28 15:07:04]	丰田 nz->n
[2016-06-28 15:07:04]	菲亚特 nz->n
[2016-06-28 15:07:04]	哈飞 nz->n
[2016-06-28 15:07:04]	黄海 ns->n
[2016-06-28 15:07:04]	华泰 nz->n
[2016-06-28 15:07:04]	江铃 nz->n
[2016-06-28 15:07:04]	吉利 a->n
[2016-06-28 15:07:04]	克莱斯勒 nrf->n
[2016-06-28 15:07:04]	力帆 nz->n
[2016-06-28 15:07:04]	林肯 nr->n
[2016-06-28 15:07:04]	铃木 nz->n
[2016-06-28 15:07:04]	劳斯莱斯 nz->n
[2016-06-28 15:07:04]	摩根 nrf->n
[2016-06-28 15:07:04]	马自达 nz->n
[2016-06-28 15:07:04]	讴歌 v->n
[2016-06-28 15:07:04]	奇瑞 nz->n
[2016-06-28 15:07:04]	起亚 nrf->n
[2016-06-28 15:07:04]	日产 nz->n
[2016-06-28 15:07:04]	三菱 nz->n
[2016-06-28 15:07:04]	沃尔沃 nz->n
[2016-06-28 15:07:04]	雪佛兰 nz->n
[2016-06-28 15:07:04]	雪铁龙 nz->n
[2016-06-28 15:07:04]	中华 nz->n
[2016-06-28 15:07:04]	中兴 ns->n
[2016-06-28 15:07:04]	奇瑞汽车 nt->n
[2016-06-28 15:07:04]	奥迪 nz->n
[2016-06-28 15:07:04]	奔驰 nz->n
[2016-06-28 15:07:04]	本田 nz->n
[2016-06-28 15:07:04]	奔腾 nz->n
[2016-06-28 15:07:04]	比亚迪 nt->n
[2016-06-28 15:07:04]	标致 a->n
[2016-06-28 15:07:04]	长城 ns->n
[2016-06-28 15:07:04]	昌河 nz->n
[2016-06-28 15:07:04]	东南 f->n
[2016-06-28 15:07:04]	道奇 nz->n
[2016-06-28 15:07:04]	法拉利 nz->n
[2016-06-28 15:07:04]	福田 ns->n
[2016-06-28 15:07:04]	福特 nrf->n
[2016-06-28 15:07:04]	丰田 nz->n
[2016-06-28 15:07:04]	菲亚特 nz->n
[2016-06-28 15:07:04]	哈飞 nz->n
[2016-06-28 15:07:04]	黄海 ns->n
[2016-06-28 15:07:04]	华泰 nz->n
[2016-06-28 15:07:04]	江铃 nz->n
[2016-06-28 15:07:04]	吉利 a->n
[2016-06-28 15:07:04]	克莱斯勒 nrf->n
[2016-06-28 15:07:04]	力帆 nz->n
[2016-06-28 15:07:04]	林肯 nr->n
[2016-06-28 15:07:04]	铃木 nz->n
[2016-06-28 15:07:04]	劳斯莱斯 nz->n
[2016-06-28 15:07:04]	摩根 nrf->n
[2016-06-28 15:07:04]	马自达 nz->n
[2016-06-28 15:07:04]	讴歌 v->n
[2016-06-28 15:07:04]	奇瑞 nz->n
[2016-06-28 15:07:04]	起亚 nrf->n
[2016-06-28 15:07:04]	日产 nz->n
[2016-06-28 15:07:04]	三菱 nz->n
[2016-06-28 15:07:04]	沃尔沃 nz->n
[2016-06-28 15:07:04]	雪佛兰 nz->n
[2016-06-28 15:07:04]	雪铁龙 nz->n
[2016-06-28 15:07:04]	中华 nz->n
[2016-06-28 15:07:04]	中兴 ns->n
[2016-06-28 15:07:04]	奇瑞汽车 nt->n
[2016-06-28 15:07:04]	雅致 a->n
[2016-06-28 15:07:04]	飞驰 vi->n
[2016-06-28 15:07:04]	卡宴 ns->n
[2016-06-28 15:07:04]	风光 a->n
[2016-06-28 15:07:04]	捷达 nz->n
[2016-06-28 15:07:04]	桑塔纳 nz->n
[2016-06-28 15:07:04]	福克斯 nrf->n
[2016-06-28 15:07:04]	卡罗拉 nrf->n
[2016-06-28 15:07:04]	赛马 vi->n
[2016-06-28 15:07:04]	圣达菲 nz->n
[2016-06-28 15:07:04]	和悦 a->n
[2016-06-28 15:07:04]	飞腾 vi->n
[2016-06-28 15:07:04]	北斗星 nz->n
[2016-06-28 15:07:04]	威达 nz->n
[2016-06-28 15:07:04]	嘉华 nz->n
[2016-06-28 15:07:04]	楼兰 ns->n
[2016-06-28 15:07:04]	风雅 a->n
[2016-06-28 15:07:04]	富康 nz->n
[2016-06-28 15:07:04]	凯旋 vd->n
[2016-06-28 15:07:04]	毕加索 nrf->n
[2016-06-28 15:07:04]	朗朗 z->n
[2016-06-28 15:11:27]	奥迪 nz->n
[2016-06-28 15:11:27]	奔驰 nz->n
[2016-06-28 15:11:27]	本田 nz->n
[2016-06-28 15:11:27]	奔腾 nz->n
[2016-06-28 15:11:27]	比亚迪 nt->n
[2016-06-28 15:11:27]	标致 a->n
[2016-06-28 15:11:27]	长城 ns->n
[2016-06-28 15:11:27]	昌河 nz->n
[2016-06-28 15:11:27]	东南 f->n
[2016-06-28 15:11:27]	道奇 nz->n
[2016-06-28 15:11:27]	法拉利 nz->n
[2016-06-28 15:11:27]	福田 ns->n
[2016-06-28 15:11:27]	福特 nrf->n
[2016-06-28 15:11:27]	丰田 nz->n
[2016-06-28 15:11:27]	菲亚特 nz->n
[2016-06-28 15:11:27]	哈飞 nz->n
[2016-06-28 15:11:27]	黄海 ns->n
[2016-06-28 15:11:27]	华泰 nz->n
[2016-06-28 15:11:27]	江铃 nz->n
[2016-06-28 15:11:27]	吉利 a->n
[2016-06-28 15:11:27]	克莱斯勒 nrf->n
[2016-06-28 15:11:27]	力帆 nz->n
[2016-06-28 15:11:27]	林肯 nr->n
[2016-06-28 15:11:27]	铃木 nz->n
[2016-06-28 15:11:27]	劳斯莱斯 nz->n
[2016-06-28 15:11:27]	摩根 nrf->n
[2016-06-28 15:11:27]	马自达 nz->n
[2016-06-28 15:11:27]	讴歌 v->n
[2016-06-28 15:11:27]	奇瑞 nz->n
[2016-06-28 15:11:27]	起亚 nrf->n
[2016-06-28 15:11:27]	日产 nz->n
[2016-06-28 15:11:27]	三菱 nz->n
[2016-06-28 15:11:27]	沃尔沃 nz->n
[2016-06-28 15:11:27]	雪佛兰 nz->n
[2016-06-28 15:11:27]	雪铁龙 nz->n
[2016-06-28 15:11:27]	中华 nz->n
[2016-06-28 15:11:27]	中兴 ns->n
[2016-06-28 15:11:27]	奇瑞汽车 nt->n
[2016-06-28 15:11:27]	奥迪 nz->n
[2016-06-28 15:11:27]	奔驰 nz->n
[2016-06-28 15:11:27]	本田 nz->n
[2016-06-28 15:11:27]	奔腾 nz->n
[2016-06-28 15:11:27]	比亚迪 nt->n
[2016-06-28 15:11:27]	标致 a->n
[2016-06-28 15:11:27]	长城 ns->n
[2016-06-28 15:11:27]	昌河 nz->n
[2016-06-28 15:11:27]	东南 f->n
[2016-06-28 15:11:27]	道奇 nz->n
[2016-06-28 15:11:27]	法拉利 nz->n
[2016-06-28 15:11:27]	福田 ns->n
[2016-06-28 15:11:27]	福特 nrf->n
[2016-06-28 15:11:27]	丰田 nz->n
[2016-06-28 15:11:27]	菲亚特 nz->n
[2016-06-28 15:11:27]	哈飞 nz->n
[2016-06-28 15:11:27]	黄海 ns->n
[2016-06-28 15:11:27]	华泰 nz->n
[2016-06-28 15:11:27]	江铃 nz->n
[2016-06-28 15:11:27]	吉利 a->n
[2016-06-28 15:11:27]	克莱斯勒 nrf->n
[2016-06-28 15:11:27]	力帆 nz->n
[2016-06-28 15:11:27]	林肯 nr->n
[2016-06-28 15:11:27]	铃木 nz->n
[2016-06-28 15:11:27]	劳斯莱斯 nz->n
[2016-06-28 15:11:27]	摩根 nrf->n
[2016-06-28 15:11:27]	马自达 nz->n
[2016-06-28 15:11:27]	讴歌 v->n
[2016-06-28 15:11:27]	奇瑞 nz->n
[2016-06-28 15:11:27]	起亚 nrf->n
[2016-06-28 15:11:27]	日产 nz->n
[2016-06-28 15:11:27]	三菱 nz->n
[2016-06-28 15:11:27]	沃尔沃 nz->n
[2016-06-28 15:11:27]	雪佛兰 nz->n
[2016-06-28 15:11:27]	雪铁龙 nz->n
[2016-06-28 15:11:27]	中华 nz->n
[2016-06-28 15:11:27]	中兴 ns->n
[2016-06-28 15:11:27]	奇瑞汽车 nt->n
[2016-06-28 15:11:27]	雅致 a->n
[2016-06-28 15:11:27]	飞驰 vi->n
[2016-06-28 15:11:27]	卡宴 ns->n
[2016-06-28 15:11:27]	风光 a->n
[2016-06-28 15:11:27]	捷达 nz->n
[2016-06-28 15:11:27]	桑塔纳 nz->n
[2016-06-28 15:11:27]	福克斯 nrf->n
[2016-06-28 15:11:27]	卡罗拉 nrf->n
[2016-06-28 15:11:27]	赛马 vi->n
[2016-06-28 15:11:27]	圣达菲 nz->n
[2016-06-28 15:11:27]	和悦 a->n
[2016-06-28 15:11:27]	飞腾 vi->n
[2016-06-28 15:11:27]	北斗星 nz->n
[2016-06-28 15:11:27]	威达 nz->n
[2016-06-28 15:11:27]	嘉华 nz->n
[2016-06-28 15:11:27]	楼兰 ns->n
[2016-06-28 15:11:27]	风雅 a->n
[2016-06-28 15:11:27]	富康 nz->n
[2016-06-28 15:11:27]	凯旋 vd->n
[2016-06-28 15:11:27]	毕加索 nrf->n
[2016-06-28 15:11:27]	朗朗 z->n
[2016-06-28 15:40:34]	奥迪 nz->n
[2016-06-28 15:40:34]	奔驰 nz->n
[2016-06-28 15:40:34]	本田 nz->n
[2016-06-28 15:40:34]	奔腾 nz->n
[2016-06-28 15:40:34]	比亚迪 nt->n
[2016-06-28 15:40:34]	标致 a->n
[2016-06-28 15:40:34]	长城 ns->n
[2016-06-28 15:40:34]	昌河 nz->n
[2016-06-28 15:40:34]	东南 f->n
[2016-06-28 15:40:34]	道奇 nz->n
[2016-06-28 15:40:34]	法拉利 nz->n
[2016-06-28 15:40:34]	福田 ns->n
[2016-06-28 15:40:34]	福特 nrf->n
[2016-06-28 15:40:34]	丰田 nz->n
[2016-06-28 15:40:34]	菲亚特 nz->n
[2016-06-28 15:40:34]	哈飞 nz->n
[2016-06-28 15:40:34]	黄海 ns->n
[2016-06-28 15:40:34]	华泰 nz->n
[2016-06-28 15:40:34]	江铃 nz->n
[2016-06-28 15:40:34]	吉利 a->n
[2016-06-28 15:40:34]	克莱斯勒 nrf->n
[2016-06-28 15:40:34]	力帆 nz->n
[2016-06-28 15:40:34]	林肯 nr->n
[2016-06-28 15:40:34]	铃木 nz->n
[2016-06-28 15:40:34]	劳斯莱斯 nz->n
[2016-06-28 15:40:34]	摩根 nrf->n
[2016-06-28 15:40:34]	马自达 nz->n
[2016-06-28 15:40:34]	讴歌 v->n
[2016-06-28 15:40:34]	奇瑞 nz->n
[2016-06-28 15:40:34]	起亚 nrf->n
[2016-06-28 15:40:34]	日产 nz->n
[2016-06-28 15:40:34]	三菱 nz->n
[2016-06-28 15:40:34]	沃尔沃 nz->n
[2016-06-28 15:40:34]	雪佛兰 nz->n
[2016-06-28 15:40:34]	雪铁龙 nz->n
[2016-06-28 15:40:34]	中华 nz->n
[2016-06-28 15:40:34]	中兴 ns->n
[2016-06-28 15:40:34]	奇瑞汽车 nt->n
[2016-06-28 15:40:34]	奥迪 nz->n
[2016-06-28 15:40:34]	奔驰 nz->n
[2016-06-28 15:40:34]	本田 nz->n
[2016-06-28 15:40:34]	奔腾 nz->n
[2016-06-28 15:40:34]	比亚迪 nt->n
[2016-06-28 15:40:34]	标致 a->n
[2016-06-28 15:40:34]	长城 ns->n
[2016-06-28 15:40:34]	昌河 nz->n
[2016-06-28 15:40:34]	东南 f->n
[2016-06-28 15:40:34]	道奇 nz->n
[2016-06-28 15:40:34]	法拉利 nz->n
[2016-06-28 15:40:34]	福田 ns->n
[2016-06-28 15:40:34]	福特 nrf->n
[2016-06-28 15:40:34]	丰田 nz->n
[2016-06-28 15:40:34]	菲亚特 nz->n
[2016-06-28 15:40:34]	哈飞 nz->n
[2016-06-28 15:40:34]	黄海 ns->n
[2016-06-28 15:40:34]	华泰 nz->n
[2016-06-28 15:40:34]	江铃 nz->n
[2016-06-28 15:40:34]	吉利 a->n
[2016-06-28 15:40:34]	克莱斯勒 nrf->n
[2016-06-28 15:40:34]	力帆 nz->n
[2016-06-28 15:40:34]	林肯 nr->n
[2016-06-28 15:40:34]	铃木 nz->n
[2016-06-28 15:40:34]	劳斯莱斯 nz->n
[2016-06-28 15:40:34]	摩根 nrf->n
[2016-06-28 15:40:34]	马自达 nz->n
[2016-06-28 15:40:34]	讴歌 v->n
[2016-06-28 15:40:34]	奇瑞 nz->n
[2016-06-28 15:40:34]	起亚 nrf->n
[2016-06-28 15:40:34]	日产 nz->n
[2016-06-28 15:40:34]	三菱 nz->n
[2016-06-28 15:40:34]	沃尔沃 nz->n
[2016-06-28 15:40:34]	雪佛兰 nz->n
[2016-06-28 15:40:34]	雪铁龙 nz->n
[2016-06-28 15:40:34]	中华 nz->n
[2016-06-28 15:40:34]	中兴 ns->n
[2016-06-28 15:40:34]	奇瑞汽车 nt->n
[2016-06-28 15:40:34]	雅致 a->n
[2016-06-28 15:40:34]	飞驰 vi->n
[2016-06-28 15:40:34]	卡宴 ns->n
[2016-06-28 15:40:34]	风光 a->n
[2016-06-28 15:40:34]	捷达 nz->n
[2016-06-28 15:40:34]	桑塔纳 nz->n
[2016-06-28 15:40:34]	福克斯 nrf->n
[2016-06-28 15:40:34]	卡罗拉 nrf->n
[2016-06-28 15:40:34]	赛马 vi->n
[2016-06-28 15:40:34]	圣达菲 nz->n
[2016-06-28 15:40:34]	和悦 a->n
[2016-06-28 15:40:34]	飞腾 vi->n
[2016-06-28 15:40:34]	北斗星 nz->n
[2016-06-28 15:40:34]	威达 nz->n
[2016-06-28 15:40:34]	嘉华 nz->n
[2016-06-28 15:40:34]	楼兰 ns->n
[2016-06-28 15:40:34]	风雅 a->n
[2016-06-28 15:40:34]	富康 nz->n
[2016-06-28 15:40:34]	凯旋 vd->n
[2016-06-28 15:40:34]	毕加索 nrf->n
[2016-06-28 15:40:34]	朗朗 z->n
[2016-06-28 15:41:09]	奥迪 nz->n
[2016-06-28 15:41:09]	奔驰 nz->n
[2016-06-28 15:41:09]	本田 nz->n
[2016-06-28 15:41:09]	奔腾 nz->n
[2016-06-28 15:41:09]	比亚迪 nt->n
[2016-06-28 15:41:09]	标致 a->n
[2016-06-28 15:41:09]	长城 ns->n
[2016-06-28 15:41:09]	昌河 nz->n
[2016-06-28 15:41:09]	东南 f->n
[2016-06-28 15:41:09]	道奇 nz->n
[2016-06-28 15:41:09]	法拉利 nz->n
[2016-06-28 15:41:09]	福田 ns->n
[2016-06-28 15:41:09]	福特 nrf->n
[2016-06-28 15:41:09]	丰田 nz->n
[2016-06-28 15:41:09]	菲亚特 nz->n
[2016-06-28 15:41:09]	哈飞 nz->n
[2016-06-28 15:41:09]	黄海 ns->n
[2016-06-28 15:41:09]	华泰 nz->n
[2016-06-28 15:41:09]	江铃 nz->n
[2016-06-28 15:41:09]	吉利 a->n
[2016-06-28 15:41:09]	克莱斯勒 nrf->n
[2016-06-28 15:41:09]	力帆 nz->n
[2016-06-28 15:41:09]	林肯 nr->n
[2016-06-28 15:41:09]	铃木 nz->n
[2016-06-28 15:41:09]	劳斯莱斯 nz->n
[2016-06-28 15:41:09]	摩根 nrf->n
[2016-06-28 15:41:09]	马自达 nz->n
[2016-06-28 15:41:09]	讴歌 v->n
[2016-06-28 15:41:09]	奇瑞 nz->n
[2016-06-28 15:41:09]	起亚 nrf->n
[2016-06-28 15:41:09]	日产 nz->n
[2016-06-28 15:41:09]	三菱 nz->n
[2016-06-28 15:41:09]	沃尔沃 nz->n
[2016-06-28 15:41:09]	雪佛兰 nz->n
[2016-06-28 15:41:09]	雪铁龙 nz->n
[2016-06-28 15:41:09]	中华 nz->n
[2016-06-28 15:41:09]	中兴 ns->n
[2016-06-28 15:41:09]	奇瑞汽车 nt->n
[2016-06-28 15:41:09]	奥迪 nz->n
[2016-06-28 15:41:09]	奔驰 nz->n
[2016-06-28 15:41:09]	本田 nz->n
[2016-06-28 15:41:09]	奔腾 nz->n
[2016-06-28 15:41:09]	比亚迪 nt->n
[2016-06-28 15:41:09]	标致 a->n
[2016-06-28 15:41:09]	长城 ns->n
[2016-06-28 15:41:09]	昌河 nz->n
[2016-06-28 15:41:09]	东南 f->n
[2016-06-28 15:41:09]	道奇 nz->n
[2016-06-28 15:41:09]	法拉利 nz->n
[2016-06-28 15:41:09]	福田 ns->n
[2016-06-28 15:41:09]	福特 nrf->n
[2016-06-28 15:41:09]	丰田 nz->n
[2016-06-28 15:41:09]	菲亚特 nz->n
[2016-06-28 15:41:09]	哈飞 nz->n
[2016-06-28 15:41:09]	黄海 ns->n
[2016-06-28 15:41:09]	华泰 nz->n
[2016-06-28 15:41:09]	江铃 nz->n
[2016-06-28 15:41:09]	吉利 a->n
[2016-06-28 15:41:09]	克莱斯勒 nrf->n
[2016-06-28 15:41:09]	力帆 nz->n
[2016-06-28 15:41:09]	林肯 nr->n
[2016-06-28 15:41:09]	铃木 nz->n
[2016-06-28 15:41:09]	劳斯莱斯 nz->n
[2016-06-28 15:41:09]	摩根 nrf->n
[2016-06-28 15:41:09]	马自达 nz->n
[2016-06-28 15:41:09]	讴歌 v->n
[2016-06-28 15:41:09]	奇瑞 nz->n
[2016-06-28 15:41:09]	起亚 nrf->n
[2016-06-28 15:41:09]	日产 nz->n
[2016-06-28 15:41:09]	三菱 nz->n
[2016-06-28 15:41:09]	沃尔沃 nz->n
[2016-06-28 15:41:09]	雪佛兰 nz->n
[2016-06-28 15:41:09]	雪铁龙 nz->n
[2016-06-28 15:41:09]	中华 nz->n
[2016-06-28 15:41:09]	中兴 ns->n
[2016-06-28 15:41:09]	奇瑞汽车 nt->n
[2016-06-28 15:41:09]	雅致 a->n
[2016-06-28 15:41:09]	飞驰 vi->n
[2016-06-28 15:41:09]	卡宴 ns->n
[2016-06-28 15:41:09]	风光 a->n
[2016-06-28 15:41:09]	捷达 nz->n
[2016-06-28 15:41:09]	桑塔纳 nz->n
[2016-06-28 15:41:09]	福克斯 nrf->n
[2016-06-28 15:41:09]	卡罗拉 nrf->n
[2016-06-28 15:41:09]	赛马 vi->n
[2016-06-28 15:41:09]	圣达菲 nz->n
[2016-06-28 15:41:09]	和悦 a->n
[2016-06-28 15:41:09]	飞腾 vi->n
[2016-06-28 15:41:09]	北斗星 nz->n
[2016-06-28 15:41:09]	威达 nz->n
[2016-06-28 15:41:09]	嘉华 nz->n
[2016-06-28 15:41:09]	楼兰 ns->n
[2016-06-28 15:41:09]	风雅 a->n
[2016-06-28 15:41:09]	富康 nz->n
[2016-06-28 15:41:09]	凯旋 vd->n
[2016-06-28 15:41:09]	毕加索 nrf->n
[2016-06-28 15:41:09]	朗朗 z->n
[2016-06-28 15:43:05]	奥迪 nz->n
[2016-06-28 15:43:05]	奔驰 nz->n
[2016-06-28 15:43:05]	本田 nz->n
[2016-06-28 15:43:05]	奔腾 nz->n
[2016-06-28 15:43:05]	比亚迪 nt->n
[2016-06-28 15:43:05]	标致 a->n
[2016-06-28 15:43:05]	长城 ns->n
[2016-06-28 15:43:05]	昌河 nz->n
[2016-06-28 15:43:05]	东南 f->n
[2016-06-28 15:43:05]	道奇 nz->n
[2016-06-28 15:43:05]	法拉利 nz->n
[2016-06-28 15:43:05]	福田 ns->n
[2016-06-28 15:43:05]	福特 nrf->n
[2016-06-28 15:43:05]	丰田 nz->n
[2016-06-28 15:43:05]	菲亚特 nz->n
[2016-06-28 15:43:05]	哈飞 nz->n
[2016-06-28 15:43:05]	黄海 ns->n
[2016-06-28 15:43:05]	华泰 nz->n
[2016-06-28 15:43:05]	江铃 nz->n
[2016-06-28 15:43:05]	吉利 a->n
[2016-06-28 15:43:05]	克莱斯勒 nrf->n
[2016-06-28 15:43:05]	力帆 nz->n
[2016-06-28 15:43:05]	林肯 nr->n
[2016-06-28 15:43:05]	铃木 nz->n
[2016-06-28 15:43:05]	劳斯莱斯 nz->n
[2016-06-28 15:43:05]	摩根 nrf->n
[2016-06-28 15:43:05]	马自达 nz->n
[2016-06-28 15:43:05]	讴歌 v->n
[2016-06-28 15:43:05]	奇瑞 nz->n
[2016-06-28 15:43:05]	起亚 nrf->n
[2016-06-28 15:43:05]	日产 nz->n
[2016-06-28 15:43:05]	三菱 nz->n
[2016-06-28 15:43:05]	沃尔沃 nz->n
[2016-06-28 15:43:05]	雪佛兰 nz->n
[2016-06-28 15:43:05]	雪铁龙 nz->n
[2016-06-28 15:43:05]	中华 nz->n
[2016-06-28 15:43:05]	中兴 ns->n
[2016-06-28 15:43:05]	奇瑞汽车 nt->n
[2016-06-28 15:43:05]	奥迪 nz->n
[2016-06-28 15:43:05]	奔驰 nz->n
[2016-06-28 15:43:05]	本田 nz->n
[2016-06-28 15:43:05]	奔腾 nz->n
[2016-06-28 15:43:05]	比亚迪 nt->n
[2016-06-28 15:43:05]	标致 a->n
[2016-06-28 15:43:05]	长城 ns->n
[2016-06-28 15:43:05]	昌河 nz->n
[2016-06-28 15:43:05]	东南 f->n
[2016-06-28 15:43:05]	道奇 nz->n
[2016-06-28 15:43:05]	法拉利 nz->n
[2016-06-28 15:43:05]	福田 ns->n
[2016-06-28 15:43:05]	福特 nrf->n
[2016-06-28 15:43:05]	丰田 nz->n
[2016-06-28 15:43:05]	菲亚特 nz->n
[2016-06-28 15:43:05]	哈飞 nz->n
[2016-06-28 15:43:05]	黄海 ns->n
[2016-06-28 15:43:05]	华泰 nz->n
[2016-06-28 15:43:05]	江铃 nz->n
[2016-06-28 15:43:05]	吉利 a->n
[2016-06-28 15:43:05]	克莱斯勒 nrf->n
[2016-06-28 15:43:05]	力帆 nz->n
[2016-06-28 15:43:05]	林肯 nr->n
[2016-06-28 15:43:05]	铃木 nz->n
[2016-06-28 15:43:05]	劳斯莱斯 nz->n
[2016-06-28 15:43:05]	摩根 nrf->n
[2016-06-28 15:43:05]	马自达 nz->n
[2016-06-28 15:43:05]	讴歌 v->n
[2016-06-28 15:43:05]	奇瑞 nz->n
[2016-06-28 15:43:05]	起亚 nrf->n
[2016-06-28 15:43:05]	日产 nz->n
[2016-06-28 15:43:05]	三菱 nz->n
[2016-06-28 15:43:05]	沃尔沃 nz->n
[2016-06-28 15:43:05]	雪佛兰 nz->n
[2016-06-28 15:43:05]	雪铁龙 nz->n
[2016-06-28 15:43:05]	中华 nz->n
[2016-06-28 15:43:05]	中兴 ns->n
[2016-06-28 15:43:05]	奇瑞汽车 nt->n
[2016-06-28 15:43:05]	雅致 a->n
[2016-06-28 15:43:05]	飞驰 vi->n
[2016-06-28 15:43:05]	卡宴 ns->n
[2016-06-28 15:43:05]	风光 a->n
[2016-06-28 15:43:05]	捷达 nz->n
[2016-06-28 15:43:05]	桑塔纳 nz->n
[2016-06-28 15:43:05]	福克斯 nrf->n
[2016-06-28 15:43:05]	卡罗拉 nrf->n
[2016-06-28 15:43:05]	赛马 vi->n
[2016-06-28 15:43:05]	圣达菲 nz->n
[2016-06-28 15:43:05]	和悦 a->n
[2016-06-28 15:43:05]	飞腾 vi->n
[2016-06-28 15:43:05]	北斗星 nz->n
[2016-06-28 15:43:05]	威达 nz->n
[2016-06-28 15:43:05]	嘉华 nz->n
[2016-06-28 15:43:05]	楼兰 ns->n
[2016-06-28 15:43:05]	风雅 a->n
[2016-06-28 15:43:05]	富康 nz->n
[2016-06-28 15:43:05]	凯旋 vd->n
[2016-06-28 15:43:05]	毕加索 nrf->n
[2016-06-28 15:43:05]	朗朗 z->n
[2016-06-28 15:43:13]	奥迪 nz->n
[2016-06-28 15:43:13]	奔驰 nz->n
[2016-06-28 15:43:13]	本田 nz->n
[2016-06-28 15:43:13]	奔腾 nz->n
[2016-06-28 15:43:13]	比亚迪 nt->n
[2016-06-28 15:43:13]	标致 a->n
[2016-06-28 15:43:13]	长城 ns->n
[2016-06-28 15:43:13]	昌河 nz->n
[2016-06-28 15:43:13]	东南 f->n
[2016-06-28 15:43:13]	道奇 nz->n
[2016-06-28 15:43:13]	法拉利 nz->n
[2016-06-28 15:43:13]	福田 ns->n
[2016-06-28 15:43:13]	福特 nrf->n
[2016-06-28 15:43:13]	丰田 nz->n
[2016-06-28 15:43:13]	菲亚特 nz->n
[2016-06-28 15:43:13]	哈飞 nz->n
[2016-06-28 15:43:13]	黄海 ns->n
[2016-06-28 15:43:13]	华泰 nz->n
[2016-06-28 15:43:13]	江铃 nz->n
[2016-06-28 15:43:13]	吉利 a->n
[2016-06-28 15:43:13]	克莱斯勒 nrf->n
[2016-06-28 15:43:13]	力帆 nz->n
[2016-06-28 15:43:13]	林肯 nr->n
[2016-06-28 15:43:13]	铃木 nz->n
[2016-06-28 15:43:13]	劳斯莱斯 nz->n
[2016-06-28 15:43:13]	摩根 nrf->n
[2016-06-28 15:43:13]	马自达 nz->n
[2016-06-28 15:43:13]	讴歌 v->n
[2016-06-28 15:43:13]	奇瑞 nz->n
[2016-06-28 15:43:13]	起亚 nrf->n
[2016-06-28 15:43:13]	日产 nz->n
[2016-06-28 15:43:13]	三菱 nz->n
[2016-06-28 15:43:13]	沃尔沃 nz->n
[2016-06-28 15:43:13]	雪佛兰 nz->n
[2016-06-28 15:43:13]	雪铁龙 nz->n
[2016-06-28 15:43:13]	中华 nz->n
[2016-06-28 15:43:13]	中兴 ns->n
[2016-06-28 15:43:13]	奇瑞汽车 nt->n
[2016-06-28 15:43:13]	奥迪 nz->n
[2016-06-28 15:43:13]	奔驰 nz->n
[2016-06-28 15:43:13]	本田 nz->n
[2016-06-28 15:43:13]	奔腾 nz->n
[2016-06-28 15:43:13]	比亚迪 nt->n
[2016-06-28 15:43:13]	标致 a->n
[2016-06-28 15:43:13]	长城 ns->n
[2016-06-28 15:43:13]	昌河 nz->n
[2016-06-28 15:43:13]	东南 f->n
[2016-06-28 15:43:13]	道奇 nz->n
[2016-06-28 15:43:13]	法拉利 nz->n
[2016-06-28 15:43:13]	福田 ns->n
[2016-06-28 15:43:13]	福特 nrf->n
[2016-06-28 15:43:13]	丰田 nz->n
[2016-06-28 15:43:13]	菲亚特 nz->n
[2016-06-28 15:43:13]	哈飞 nz->n
[2016-06-28 15:43:13]	黄海 ns->n
[2016-06-28 15:43:13]	华泰 nz->n
[2016-06-28 15:43:13]	江铃 nz->n
[2016-06-28 15:43:13]	吉利 a->n
[2016-06-28 15:43:13]	克莱斯勒 nrf->n
[2016-06-28 15:43:13]	力帆 nz->n
[2016-06-28 15:43:13]	林肯 nr->n
[2016-06-28 15:43:13]	铃木 nz->n
[2016-06-28 15:43:13]	劳斯莱斯 nz->n
[2016-06-28 15:43:13]	摩根 nrf->n
[2016-06-28 15:43:13]	马自达 nz->n
[2016-06-28 15:43:13]	讴歌 v->n
[2016-06-28 15:43:13]	奇瑞 nz->n
[2016-06-28 15:43:13]	起亚 nrf->n
[2016-06-28 15:43:13]	日产 nz->n
[2016-06-28 15:43:13]	三菱 nz->n
[2016-06-28 15:43:13]	沃尔沃 nz->n
[2016-06-28 15:43:13]	雪佛兰 nz->n
[2016-06-28 15:43:13]	雪铁龙 nz->n
[2016-06-28 15:43:13]	中华 nz->n
[2016-06-28 15:43:13]	中兴 ns->n
[2016-06-28 15:43:13]	奇瑞汽车 nt->n
[2016-06-28 15:43:13]	雅致 a->n
[2016-06-28 15:43:13]	飞驰 vi->n
[2016-06-28 15:43:13]	卡宴 ns->n
[2016-06-28 15:43:13]	风光 a->n
[2016-06-28 15:43:13]	捷达 nz->n
[2016-06-28 15:43:13]	桑塔纳 nz->n
[2016-06-28 15:43:13]	福克斯 nrf->n
[2016-06-28 15:43:13]	卡罗拉 nrf->n
[2016-06-28 15:43:13]	赛马 vi->n
[2016-06-28 15:43:13]	圣达菲 nz->n
[2016-06-28 15:43:13]	和悦 a->n
[2016-06-28 15:43:13]	飞腾 vi->n
[2016-06-28 15:43:13]	北斗星 nz->n
[2016-06-28 15:43:13]	威达 nz->n
[2016-06-28 15:43:13]	嘉华 nz->n
[2016-06-28 15:43:13]	楼兰 ns->n
[2016-06-28 15:43:13]	风雅 a->n
[2016-06-28 15:43:13]	富康 nz->n
[2016-06-28 15:43:13]	凯旋 vd->n
[2016-06-28 15:43:13]	毕加索 nrf->n
[2016-06-28 15:43:13]	朗朗 z->n
[2016-06-28 15:45:49]	奥迪 nz->n
[2016-06-28 15:45:49]	奔驰 nz->n
[2016-06-28 15:45:49]	本田 nz->n
[2016-06-28 15:45:49]	奔腾 nz->n
[2016-06-28 15:45:49]	比亚迪 nt->n
[2016-06-28 15:45:49]	标致 a->n
[2016-06-28 15:45:49]	长城 ns->n
[2016-06-28 15:45:49]	昌河 nz->n
[2016-06-28 15:45:49]	东南 f->n
[2016-06-28 15:45:49]	道奇 nz->n
[2016-06-28 15:45:49]	法拉利 nz->n
[2016-06-28 15:45:49]	福田 ns->n
[2016-06-28 15:45:49]	福特 nrf->n
[2016-06-28 15:45:49]	丰田 nz->n
[2016-06-28 15:45:49]	菲亚特 nz->n
[2016-06-28 15:45:49]	哈飞 nz->n
[2016-06-28 15:45:49]	黄海 ns->n
[2016-06-28 15:45:49]	华泰 nz->n
[2016-06-28 15:45:49]	江铃 nz->n
[2016-06-28 15:45:49]	吉利 a->n
[2016-06-28 15:45:49]	克莱斯勒 nrf->n
[2016-06-28 15:45:49]	力帆 nz->n
[2016-06-28 15:45:49]	林肯 nr->n
[2016-06-28 15:45:49]	铃木 nz->n
[2016-06-28 15:45:49]	劳斯莱斯 nz->n
[2016-06-28 15:45:49]	摩根 nrf->n
[2016-06-28 15:45:49]	马自达 nz->n
[2016-06-28 15:45:49]	讴歌 v->n
[2016-06-28 15:45:49]	奇瑞 nz->n
[2016-06-28 15:45:49]	起亚 nrf->n
[2016-06-28 15:45:49]	日产 nz->n
[2016-06-28 15:45:49]	三菱 nz->n
[2016-06-28 15:45:49]	沃尔沃 nz->n
[2016-06-28 15:45:49]	雪佛兰 nz->n
[2016-06-28 15:45:49]	雪铁龙 nz->n
[2016-06-28 15:45:49]	中华 nz->n
[2016-06-28 15:45:49]	中兴 ns->n
[2016-06-28 15:45:49]	奇瑞汽车 nt->n
[2016-06-28 15:45:49]	奥迪 nz->n
[2016-06-28 15:45:49]	奔驰 nz->n
[2016-06-28 15:45:49]	本田 nz->n
[2016-06-28 15:45:49]	奔腾 nz->n
[2016-06-28 15:45:49]	比亚迪 nt->n
[2016-06-28 15:45:49]	标致 a->n
[2016-06-28 15:45:49]	长城 ns->n
[2016-06-28 15:45:49]	昌河 nz->n
[2016-06-28 15:45:49]	东南 f->n
[2016-06-28 15:45:49]	道奇 nz->n
[2016-06-28 15:45:49]	法拉利 nz->n
[2016-06-28 15:45:49]	福田 ns->n
[2016-06-28 15:45:49]	福特 nrf->n
[2016-06-28 15:45:49]	丰田 nz->n
[2016-06-28 15:45:49]	菲亚特 nz->n
[2016-06-28 15:45:49]	哈飞 nz->n
[2016-06-28 15:45:49]	黄海 ns->n
[2016-06-28 15:45:49]	华泰 nz->n
[2016-06-28 15:45:49]	江铃 nz->n
[2016-06-28 15:45:49]	吉利 a->n
[2016-06-28 15:45:49]	克莱斯勒 nrf->n
[2016-06-28 15:45:49]	力帆 nz->n
[2016-06-28 15:45:49]	林肯 nr->n
[2016-06-28 15:45:49]	铃木 nz->n
[2016-06-28 15:45:49]	劳斯莱斯 nz->n
[2016-06-28 15:45:49]	摩根 nrf->n
[2016-06-28 15:45:49]	马自达 nz->n
[2016-06-28 15:45:49]	讴歌 v->n
[2016-06-28 15:45:49]	奇瑞 nz->n
[2016-06-28 15:45:49]	起亚 nrf->n
[2016-06-28 15:45:49]	日产 nz->n
[2016-06-28 15:45:49]	三菱 nz->n
[2016-06-28 15:45:49]	沃尔沃 nz->n
[2016-06-28 15:45:49]	雪佛兰 nz->n
[2016-06-28 15:45:49]	雪铁龙 nz->n
[2016-06-28 15:45:49]	中华 nz->n
[2016-06-28 15:45:49]	中兴 ns->n
[2016-06-28 15:45:49]	奇瑞汽车 nt->n
[2016-06-28 15:45:49]	雅致 a->n
[2016-06-28 15:45:49]	飞驰 vi->n
[2016-06-28 15:45:49]	卡宴 ns->n
[2016-06-28 15:45:49]	风光 a->n
[2016-06-28 15:45:49]	捷达 nz->n
[2016-06-28 15:45:49]	桑塔纳 nz->n
[2016-06-28 15:45:49]	福克斯 nrf->n
[2016-06-28 15:45:49]	卡罗拉 nrf->n
[2016-06-28 15:45:49]	赛马 vi->n
[2016-06-28 15:45:49]	圣达菲 nz->n
[2016-06-28 15:45:49]	和悦 a->n
[2016-06-28 15:45:49]	飞腾 vi->n
[2016-06-28 15:45:49]	北斗星 nz->n
[2016-06-28 15:45:49]	威达 nz->n
[2016-06-28 15:45:49]	嘉华 nz->n
[2016-06-28 15:45:49]	楼兰 ns->n
[2016-06-28 15:45:49]	风雅 a->n
[2016-06-28 15:45:49]	富康 nz->n
[2016-06-28 15:45:49]	凯旋 vd->n
[2016-06-28 15:45:49]	毕加索 nrf->n
[2016-06-28 15:45:49]	朗朗 z->n
[2016-06-28 15:47:00]	奥迪 nz->n
[2016-06-28 15:47:00]	奔驰 nz->n
[2016-06-28 15:47:00]	本田 nz->n
[2016-06-28 15:47:00]	奔腾 nz->n
[2016-06-28 15:47:00]	比亚迪 nt->n
[2016-06-28 15:47:00]	标致 a->n
[2016-06-28 15:47:00]	长城 ns->n
[2016-06-28 15:47:00]	昌河 nz->n
[2016-06-28 15:47:00]	东南 f->n
[2016-06-28 15:47:00]	道奇 nz->n
[2016-06-28 15:47:00]	法拉利 nz->n
[2016-06-28 15:47:00]	福田 ns->n
[2016-06-28 15:47:00]	福特 nrf->n
[2016-06-28 15:47:00]	丰田 nz->n
[2016-06-28 15:47:00]	菲亚特 nz->n
[2016-06-28 15:47:00]	哈飞 nz->n
[2016-06-28 15:47:00]	黄海 ns->n
[2016-06-28 15:47:00]	华泰 nz->n
[2016-06-28 15:47:00]	江铃 nz->n
[2016-06-28 15:47:00]	吉利 a->n
[2016-06-28 15:47:00]	克莱斯勒 nrf->n
[2016-06-28 15:47:00]	力帆 nz->n
[2016-06-28 15:47:00]	林肯 nr->n
[2016-06-28 15:47:00]	铃木 nz->n
[2016-06-28 15:47:00]	劳斯莱斯 nz->n
[2016-06-28 15:47:00]	摩根 nrf->n
[2016-06-28 15:47:00]	马自达 nz->n
[2016-06-28 15:47:00]	讴歌 v->n
[2016-06-28 15:47:00]	奇瑞 nz->n
[2016-06-28 15:47:00]	起亚 nrf->n
[2016-06-28 15:47:00]	日产 nz->n
[2016-06-28 15:47:00]	三菱 nz->n
[2016-06-28 15:47:00]	沃尔沃 nz->n
[2016-06-28 15:47:00]	雪佛兰 nz->n
[2016-06-28 15:47:00]	雪铁龙 nz->n
[2016-06-28 15:47:00]	中华 nz->n
[2016-06-28 15:47:00]	中兴 ns->n
[2016-06-28 15:47:00]	奇瑞汽车 nt->n
[2016-06-28 15:47:00]	奥迪 nz->n
[2016-06-28 15:47:00]	奔驰 nz->n
[2016-06-28 15:47:00]	本田 nz->n
[2016-06-28 15:47:00]	奔腾 nz->n
[2016-06-28 15:47:00]	比亚迪 nt->n
[2016-06-28 15:47:00]	标致 a->n
[2016-06-28 15:47:00]	长城 ns->n
[2016-06-28 15:47:00]	昌河 nz->n
[2016-06-28 15:47:00]	东南 f->n
[2016-06-28 15:47:00]	道奇 nz->n
[2016-06-28 15:47:00]	法拉利 nz->n
[2016-06-28 15:47:00]	福田 ns->n
[2016-06-28 15:47:00]	福特 nrf->n
[2016-06-28 15:47:00]	丰田 nz->n
[2016-06-28 15:47:00]	菲亚特 nz->n
[2016-06-28 15:47:00]	哈飞 nz->n
[2016-06-28 15:47:00]	黄海 ns->n
[2016-06-28 15:47:00]	华泰 nz->n
[2016-06-28 15:47:00]	江铃 nz->n
[2016-06-28 15:47:00]	吉利 a->n
[2016-06-28 15:47:00]	克莱斯勒 nrf->n
[2016-06-28 15:47:00]	力帆 nz->n
[2016-06-28 15:47:00]	林肯 nr->n
[2016-06-28 15:47:00]	铃木 nz->n
[2016-06-28 15:47:00]	劳斯莱斯 nz->n
[2016-06-28 15:47:00]	摩根 nrf->n
[2016-06-28 15:47:00]	马自达 nz->n
[2016-06-28 15:47:00]	讴歌 v->n
[2016-06-28 15:47:00]	奇瑞 nz->n
[2016-06-28 15:47:00]	起亚 nrf->n
[2016-06-28 15:47:00]	日产 nz->n
[2016-06-28 15:47:00]	三菱 nz->n
[2016-06-28 15:47:00]	沃尔沃 nz->n
[2016-06-28 15:47:00]	雪佛兰 nz->n
[2016-06-28 15:47:00]	雪铁龙 nz->n
[2016-06-28 15:47:00]	中华 nz->n
[2016-06-28 15:47:00]	中兴 ns->n
[2016-06-28 15:47:00]	奇瑞汽车 nt->n
[2016-06-28 15:47:00]	雅致 a->n
[2016-06-28 15:47:00]	飞驰 vi->n
[2016-06-28 15:47:00]	卡宴 ns->n
[2016-06-28 15:47:00]	风光 a->n
[2016-06-28 15:47:00]	捷达 nz->n
[2016-06-28 15:47:00]	桑塔纳 nz->n
[2016-06-28 15:47:00]	福克斯 nrf->n
[2016-06-28 15:47:00]	卡罗拉 nrf->n
[2016-06-28 15:47:00]	赛马 vi->n
[2016-06-28 15:47:00]	圣达菲 nz->n
[2016-06-28 15:47:00]	和悦 a->n
[2016-06-28 15:47:00]	飞腾 vi->n
[2016-06-28 15:47:00]	北斗星 nz->n
[2016-06-28 15:47:00]	威达 nz->n
[2016-06-28 15:47:00]	嘉华 nz->n
[2016-06-28 15:47:00]	楼兰 ns->n
[2016-06-28 15:47:00]	风雅 a->n
[2016-06-28 15:47:00]	富康 nz->n
[2016-06-28 15:47:00]	凯旋 vd->n
[2016-06-28 15:47:00]	毕加索 nrf->n
[2016-06-28 15:47:00]	朗朗 z->n
[2016-06-28 15:54:08]	奥迪 nz->n
[2016-06-28 15:54:08]	奔驰 nz->n
[2016-06-28 15:54:08]	本田 nz->n
[2016-06-28 15:54:08]	奔腾 nz->n
[2016-06-28 15:54:08]	比亚迪 nt->n
[2016-06-28 15:54:08]	标致 a->n
[2016-06-28 15:54:08]	长城 ns->n
[2016-06-28 15:54:08]	昌河 nz->n
[2016-06-28 15:54:08]	东南 f->n
[2016-06-28 15:54:08]	道奇 nz->n
[2016-06-28 15:54:08]	法拉利 nz->n
[2016-06-28 15:54:08]	福田 ns->n
[2016-06-28 15:54:08]	福特 nrf->n
[2016-06-28 15:54:08]	丰田 nz->n
[2016-06-28 15:54:08]	菲亚特 nz->n
[2016-06-28 15:54:08]	哈飞 nz->n
[2016-06-28 15:54:08]	黄海 ns->n
[2016-06-28 15:54:08]	华泰 nz->n
[2016-06-28 15:54:08]	江铃 nz->n
[2016-06-28 15:54:08]	吉利 a->n
[2016-06-28 15:54:08]	克莱斯勒 nrf->n
[2016-06-28 15:54:08]	力帆 nz->n
[2016-06-28 15:54:08]	林肯 nr->n
[2016-06-28 15:54:08]	铃木 nz->n
[2016-06-28 15:54:08]	劳斯莱斯 nz->n
[2016-06-28 15:54:08]	摩根 nrf->n
[2016-06-28 15:54:08]	马自达 nz->n
[2016-06-28 15:54:08]	讴歌 v->n
[2016-06-28 15:54:08]	奇瑞 nz->n
[2016-06-28 15:54:08]	起亚 nrf->n
[2016-06-28 15:54:08]	日产 nz->n
[2016-06-28 15:54:08]	三菱 nz->n
[2016-06-28 15:54:08]	沃尔沃 nz->n
[2016-06-28 15:54:08]	雪佛兰 nz->n
[2016-06-28 15:54:08]	雪铁龙 nz->n
[2016-06-28 15:54:08]	中华 nz->n
[2016-06-28 15:54:08]	中兴 ns->n
[2016-06-28 15:54:08]	奇瑞汽车 nt->n
[2016-06-28 15:54:08]	奥迪 nz->n
[2016-06-28 15:54:08]	奔驰 nz->n
[2016-06-28 15:54:08]	本田 nz->n
[2016-06-28 15:54:08]	奔腾 nz->n
[2016-06-28 15:54:08]	比亚迪 nt->n
[2016-06-28 15:54:08]	标致 a->n
[2016-06-28 15:54:08]	长城 ns->n
[2016-06-28 15:54:08]	昌河 nz->n
[2016-06-28 15:54:08]	东南 f->n
[2016-06-28 15:54:08]	道奇 nz->n
[2016-06-28 15:54:08]	法拉利 nz->n
[2016-06-28 15:54:08]	福田 ns->n
[2016-06-28 15:54:08]	福特 nrf->n
[2016-06-28 15:54:08]	丰田 nz->n
[2016-06-28 15:54:08]	菲亚特 nz->n
[2016-06-28 15:54:08]	哈飞 nz->n
[2016-06-28 15:54:08]	黄海 ns->n
[2016-06-28 15:54:08]	华泰 nz->n
[2016-06-28 15:54:08]	江铃 nz->n
[2016-06-28 15:54:08]	吉利 a->n
[2016-06-28 15:54:08]	克莱斯勒 nrf->n
[2016-06-28 15:54:08]	力帆 nz->n
[2016-06-28 15:54:08]	林肯 nr->n
[2016-06-28 15:54:08]	铃木 nz->n
[2016-06-28 15:54:08]	劳斯莱斯 nz->n
[2016-06-28 15:54:08]	摩根 nrf->n
[2016-06-28 15:54:08]	马自达 nz->n
[2016-06-28 15:54:08]	讴歌 v->n
[2016-06-28 15:54:08]	奇瑞 nz->n
[2016-06-28 15:54:08]	起亚 nrf->n
[2016-06-28 15:54:08]	日产 nz->n
[2016-06-28 15:54:08]	三菱 nz->n
[2016-06-28 15:54:08]	沃尔沃 nz->n
[2016-06-28 15:54:08]	雪佛兰 nz->n
[2016-06-28 15:54:08]	雪铁龙 nz->n
[2016-06-28 15:54:08]	中华 nz->n
[2016-06-28 15:54:08]	中兴 ns->n
[2016-06-28 15:54:08]	奇瑞汽车 nt->n
[2016-06-28 15:54:08]	雅致 a->n
[2016-06-28 15:54:08]	飞驰 vi->n
[2016-06-28 15:54:08]	卡宴 ns->n
[2016-06-28 15:54:08]	风光 a->n
[2016-06-28 15:54:08]	捷达 nz->n
[2016-06-28 15:54:08]	桑塔纳 nz->n
[2016-06-28 15:54:08]	福克斯 nrf->n
[2016-06-28 15:54:08]	卡罗拉 nrf->n
[2016-06-28 15:54:08]	赛马 vi->n
[2016-06-28 15:54:08]	圣达菲 nz->n
[2016-06-28 15:54:08]	和悦 a->n
[2016-06-28 15:54:08]	飞腾 vi->n
[2016-06-28 15:54:08]	北斗星 nz->n
[2016-06-28 15:54:08]	威达 nz->n
[2016-06-28 15:54:08]	嘉华 nz->n
[2016-06-28 15:54:08]	楼兰 ns->n
[2016-06-28 15:54:08]	风雅 a->n
[2016-06-28 15:54:08]	富康 nz->n
[2016-06-28 15:54:08]	凯旋 vd->n
[2016-06-28 15:54:08]	毕加索 nrf->n
[2016-06-28 15:54:08]	朗朗 z->n
