[2016-06-21 14:58:52]	奥迪 nz->n
[2016-06-21 14:58:52]	奔驰 nz->n
[2016-06-21 14:58:52]	本田 nz->n
[2016-06-21 14:58:52]	奔腾 nz->n
[2016-06-21 14:58:52]	比亚迪 nt->n
[2016-06-21 14:58:52]	标致 a->n
[2016-06-21 14:58:52]	长城 ns->n
[2016-06-21 14:58:52]	昌河 nz->n
[2016-06-21 14:58:52]	东南 f->n
[2016-06-21 14:58:52]	道奇 nz->n
[2016-06-21 14:58:52]	法拉利 nz->n
[2016-06-21 14:58:52]	福田 ns->n
[2016-06-21 14:58:52]	福特 nrf->n
[2016-06-21 14:58:52]	丰田 nz->n
[2016-06-21 14:58:52]	菲亚特 nz->n
[2016-06-21 14:58:52]	哈飞 nz->n
[2016-06-21 14:58:52]	黄海 ns->n
[2016-06-21 14:58:52]	华泰 nz->n
[2016-06-21 14:58:52]	江铃 nz->n
[2016-06-21 14:58:52]	吉利 a->n
[2016-06-21 14:58:52]	克莱斯勒 nrf->n
[2016-06-21 14:58:52]	力帆 nz->n
[2016-06-21 14:58:52]	林肯 nr->n
[2016-06-21 14:58:52]	铃木 nz->n
[2016-06-21 14:58:52]	劳斯莱斯 nz->n
[2016-06-21 14:58:52]	摩根 nrf->n
[2016-06-21 14:58:52]	马自达 nz->n
[2016-06-21 14:58:52]	讴歌 v->n
[2016-06-21 14:58:52]	奇瑞 nz->n
[2016-06-21 14:58:52]	起亚 nrf->n
[2016-06-21 14:58:52]	日产 nz->n
[2016-06-21 14:58:52]	三菱 nz->n
[2016-06-21 14:58:52]	沃尔沃 nz->n
[2016-06-21 14:58:52]	雪佛兰 nz->n
[2016-06-21 14:58:52]	雪铁龙 nz->n
[2016-06-21 14:58:52]	中华 nz->n
[2016-06-21 14:58:52]	中兴 ns->n
[2016-06-21 14:58:52]	奇瑞汽车 nt->n
[2016-06-21 14:58:52]	奥迪 nz->n
[2016-06-21 14:58:52]	奔驰 nz->n
[2016-06-21 14:58:52]	本田 nz->n
[2016-06-21 14:58:52]	奔腾 nz->n
[2016-06-21 14:58:52]	比亚迪 nt->n
[2016-06-21 14:58:52]	标致 a->n
[2016-06-21 14:58:52]	长城 ns->n
[2016-06-21 14:58:52]	昌河 nz->n
[2016-06-21 14:58:52]	东南 f->n
[2016-06-21 14:58:52]	道奇 nz->n
[2016-06-21 14:58:52]	法拉利 nz->n
[2016-06-21 14:58:52]	福田 ns->n
[2016-06-21 14:58:52]	福特 nrf->n
[2016-06-21 14:58:52]	丰田 nz->n
[2016-06-21 14:58:52]	菲亚特 nz->n
[2016-06-21 14:58:52]	哈飞 nz->n
[2016-06-21 14:58:52]	黄海 ns->n
[2016-06-21 14:58:52]	华泰 nz->n
[2016-06-21 14:58:52]	江铃 nz->n
[2016-06-21 14:58:52]	吉利 a->n
[2016-06-21 14:58:52]	克莱斯勒 nrf->n
[2016-06-21 14:58:52]	力帆 nz->n
[2016-06-21 14:58:52]	林肯 nr->n
[2016-06-21 14:58:52]	铃木 nz->n
[2016-06-21 14:58:52]	劳斯莱斯 nz->n
[2016-06-21 14:58:52]	摩根 nrf->n
[2016-06-21 14:58:52]	马自达 nz->n
[2016-06-21 14:58:52]	讴歌 v->n
[2016-06-21 14:58:52]	奇瑞 nz->n
[2016-06-21 14:58:52]	起亚 nrf->n
[2016-06-21 14:58:52]	日产 nz->n
[2016-06-21 14:58:52]	三菱 nz->n
[2016-06-21 14:58:52]	沃尔沃 nz->n
[2016-06-21 14:58:52]	雪佛兰 nz->n
[2016-06-21 14:58:52]	雪铁龙 nz->n
[2016-06-21 14:58:52]	中华 nz->n
[2016-06-21 14:58:52]	中兴 ns->n
[2016-06-21 14:58:52]	奇瑞汽车 nt->n
[2016-06-21 14:58:52]	雅致 a->n
[2016-06-21 14:58:52]	飞驰 vi->n
[2016-06-21 14:58:52]	卡宴 ns->n
[2016-06-21 14:58:52]	风光 a->n
[2016-06-21 14:58:52]	捷达 nz->n
[2016-06-21 14:58:52]	桑塔纳 nz->n
[2016-06-21 14:58:52]	福克斯 nrf->n
[2016-06-21 14:58:52]	卡罗拉 nrf->n
[2016-06-21 14:58:52]	赛马 vi->n
[2016-06-21 14:58:53]	圣达菲 nz->n
[2016-06-21 14:58:53]	和悦 a->n
[2016-06-21 14:58:53]	飞腾 vi->n
[2016-06-21 14:58:53]	北斗星 nz->n
[2016-06-21 14:58:53]	威达 nz->n
[2016-06-21 14:58:53]	嘉华 nz->n
[2016-06-21 14:58:53]	楼兰 ns->n
[2016-06-21 14:58:53]	风雅 a->n
[2016-06-21 14:58:53]	富康 nz->n
[2016-06-21 14:58:53]	凯旋 vd->n
[2016-06-21 14:58:53]	毕加索 nrf->n
[2016-06-21 14:58:53]	朗朗 z->n
[2016-06-21 14:58:53]	奥迪 nz->n
[2016-06-21 14:58:53]	奔驰 nz->n
[2016-06-21 14:58:53]	本田 nz->n
[2016-06-21 14:58:53]	奔腾 nz->n
[2016-06-21 14:58:53]	比亚迪 nt->n
[2016-06-21 14:58:53]	标致 a->n
[2016-06-21 14:58:53]	长城 ns->n
[2016-06-21 14:58:53]	昌河 nz->n
[2016-06-21 14:58:53]	东南 f->n
[2016-06-21 14:58:53]	道奇 nz->n
[2016-06-21 14:58:53]	法拉利 nz->n
[2016-06-21 14:58:53]	福田 ns->n
[2016-06-21 14:58:53]	福特 nrf->n
[2016-06-21 14:58:53]	丰田 nz->n
[2016-06-21 14:58:53]	菲亚特 nz->n
[2016-06-21 14:58:53]	哈飞 nz->n
[2016-06-21 14:58:53]	黄海 ns->n
[2016-06-21 14:58:53]	华泰 nz->n
[2016-06-21 14:58:53]	江铃 nz->n
[2016-06-21 14:58:53]	吉利 a->n
[2016-06-21 14:58:53]	克莱斯勒 nrf->n
[2016-06-21 14:58:53]	力帆 nz->n
[2016-06-21 14:58:53]	林肯 nr->n
[2016-06-21 14:58:53]	铃木 nz->n
[2016-06-21 14:58:53]	劳斯莱斯 nz->n
[2016-06-21 14:58:53]	摩根 nrf->n
[2016-06-21 14:58:53]	马自达 nz->n
[2016-06-21 14:58:53]	讴歌 v->n
[2016-06-21 14:58:53]	奇瑞 nz->n
[2016-06-21 14:58:53]	起亚 nrf->n
[2016-06-21 14:58:53]	日产 nz->n
[2016-06-21 14:58:53]	三菱 nz->n
[2016-06-21 14:58:53]	沃尔沃 nz->n
[2016-06-21 14:58:53]	雪佛兰 nz->n
[2016-06-21 14:58:53]	雪铁龙 nz->n
[2016-06-21 14:58:53]	中华 nz->n
[2016-06-21 14:58:53]	中兴 ns->n
[2016-06-21 14:58:53]	奇瑞汽车 nt->n
[2016-06-21 14:58:53]	雅致 a->n
[2016-06-21 14:58:53]	飞驰 vi->n
[2016-06-21 14:58:53]	卡宴 ns->n
[2016-06-21 14:58:53]	风光 a->n
[2016-06-21 14:58:53]	捷达 nz->n
[2016-06-21 14:58:53]	桑塔纳 nz->n
[2016-06-21 14:58:53]	福克斯 nrf->n
[2016-06-21 14:58:53]	卡罗拉 nrf->n
[2016-06-21 14:58:53]	赛马 vi->n
[2016-06-21 14:58:53]	圣达菲 nz->n
[2016-06-21 14:58:53]	和悦 a->n
[2016-06-21 14:58:53]	飞腾 vi->n
[2016-06-21 14:58:53]	北斗星 nz->n
[2016-06-21 14:58:53]	威达 nz->n
[2016-06-21 14:58:53]	嘉华 nz->n
[2016-06-21 14:58:53]	楼兰 ns->n
[2016-06-21 14:58:53]	风雅 a->n
[2016-06-21 14:58:53]	富康 nz->n
[2016-06-21 14:58:53]	凯旋 vd->n
[2016-06-21 14:58:53]	毕加索 nrf->n
[2016-06-21 14:58:53]	朗朗 z->n
[2016-06-21 14:59:32]	奥迪 nz->n
[2016-06-21 14:59:32]	奔驰 nz->n
[2016-06-21 14:59:32]	本田 nz->n
[2016-06-21 14:59:32]	奔腾 nz->n
[2016-06-21 14:59:32]	比亚迪 nt->n
[2016-06-21 14:59:32]	标致 a->n
[2016-06-21 14:59:32]	长城 ns->n
[2016-06-21 14:59:32]	昌河 nz->n
[2016-06-21 14:59:32]	东南 f->n
[2016-06-21 14:59:32]	道奇 nz->n
[2016-06-21 14:59:32]	法拉利 nz->n
[2016-06-21 14:59:32]	福田 ns->n
[2016-06-21 14:59:32]	福特 nrf->n
[2016-06-21 14:59:32]	丰田 nz->n
[2016-06-21 14:59:32]	菲亚特 nz->n
[2016-06-21 14:59:32]	哈飞 nz->n
[2016-06-21 14:59:32]	黄海 ns->n
[2016-06-21 14:59:32]	华泰 nz->n
[2016-06-21 14:59:32]	江铃 nz->n
[2016-06-21 14:59:32]	吉利 a->n
[2016-06-21 14:59:32]	克莱斯勒 nrf->n
[2016-06-21 14:59:32]	力帆 nz->n
[2016-06-21 14:59:32]	林肯 nr->n
[2016-06-21 14:59:32]	铃木 nz->n
[2016-06-21 14:59:32]	劳斯莱斯 nz->n
[2016-06-21 14:59:32]	摩根 nrf->n
[2016-06-21 14:59:32]	马自达 nz->n
[2016-06-21 14:59:32]	讴歌 v->n
[2016-06-21 14:59:32]	奇瑞 nz->n
[2016-06-21 14:59:32]	起亚 nrf->n
[2016-06-21 14:59:32]	日产 nz->n
[2016-06-21 14:59:32]	三菱 nz->n
[2016-06-21 14:59:32]	沃尔沃 nz->n
[2016-06-21 14:59:32]	雪佛兰 nz->n
[2016-06-21 14:59:32]	雪铁龙 nz->n
[2016-06-21 14:59:32]	中华 nz->n
[2016-06-21 14:59:32]	中兴 ns->n
[2016-06-21 14:59:32]	奇瑞汽车 nt->n
[2016-06-21 14:59:32]	奥迪 nz->n
[2016-06-21 14:59:32]	奔驰 nz->n
[2016-06-21 14:59:32]	本田 nz->n
[2016-06-21 14:59:32]	奔腾 nz->n
[2016-06-21 14:59:32]	比亚迪 nt->n
[2016-06-21 14:59:32]	标致 a->n
[2016-06-21 14:59:32]	长城 ns->n
[2016-06-21 14:59:32]	昌河 nz->n
[2016-06-21 14:59:32]	东南 f->n
[2016-06-21 14:59:32]	道奇 nz->n
[2016-06-21 14:59:32]	法拉利 nz->n
[2016-06-21 14:59:32]	福田 ns->n
[2016-06-21 14:59:32]	福特 nrf->n
[2016-06-21 14:59:32]	丰田 nz->n
[2016-06-21 14:59:32]	菲亚特 nz->n
[2016-06-21 14:59:32]	哈飞 nz->n
[2016-06-21 14:59:32]	黄海 ns->n
[2016-06-21 14:59:32]	华泰 nz->n
[2016-06-21 14:59:32]	江铃 nz->n
[2016-06-21 14:59:32]	吉利 a->n
[2016-06-21 14:59:32]	克莱斯勒 nrf->n
[2016-06-21 14:59:32]	力帆 nz->n
[2016-06-21 14:59:32]	林肯 nr->n
[2016-06-21 14:59:32]	铃木 nz->n
[2016-06-21 14:59:32]	劳斯莱斯 nz->n
[2016-06-21 14:59:32]	摩根 nrf->n
[2016-06-21 14:59:32]	马自达 nz->n
[2016-06-21 14:59:32]	讴歌 v->n
[2016-06-21 14:59:32]	奇瑞 nz->n
[2016-06-21 14:59:32]	起亚 nrf->n
[2016-06-21 14:59:32]	日产 nz->n
[2016-06-21 14:59:32]	三菱 nz->n
[2016-06-21 14:59:32]	沃尔沃 nz->n
[2016-06-21 14:59:32]	雪佛兰 nz->n
[2016-06-21 14:59:32]	雪铁龙 nz->n
[2016-06-21 14:59:32]	中华 nz->n
[2016-06-21 14:59:32]	中兴 ns->n
[2016-06-21 14:59:32]	奇瑞汽车 nt->n
[2016-06-21 14:59:32]	雅致 a->n
[2016-06-21 14:59:32]	飞驰 vi->n
[2016-06-21 14:59:32]	卡宴 ns->n
[2016-06-21 14:59:32]	风光 a->n
[2016-06-21 14:59:32]	捷达 nz->n
[2016-06-21 14:59:32]	桑塔纳 nz->n
[2016-06-21 14:59:32]	福克斯 nrf->n
[2016-06-21 14:59:32]	卡罗拉 nrf->n
[2016-06-21 14:59:32]	赛马 vi->n
[2016-06-21 14:59:32]	圣达菲 nz->n
[2016-06-21 14:59:32]	和悦 a->n
[2016-06-21 14:59:32]	飞腾 vi->n
[2016-06-21 14:59:32]	北斗星 nz->n
[2016-06-21 14:59:32]	威达 nz->n
[2016-06-21 14:59:32]	嘉华 nz->n
[2016-06-21 14:59:32]	楼兰 ns->n
[2016-06-21 14:59:32]	风雅 a->n
[2016-06-21 14:59:32]	富康 nz->n
[2016-06-21 14:59:32]	凯旋 vd->n
[2016-06-21 14:59:32]	毕加索 nrf->n
[2016-06-21 14:59:32]	朗朗 z->n
[2016-06-21 14:59:32]	奥迪 nz->n
[2016-06-21 14:59:32]	奔驰 nz->n
[2016-06-21 14:59:32]	本田 nz->n
[2016-06-21 14:59:32]	奔腾 nz->n
[2016-06-21 14:59:32]	比亚迪 nt->n
[2016-06-21 14:59:32]	标致 a->n
[2016-06-21 14:59:32]	长城 ns->n
[2016-06-21 14:59:32]	昌河 nz->n
[2016-06-21 14:59:32]	东南 f->n
[2016-06-21 14:59:32]	道奇 nz->n
[2016-06-21 14:59:32]	法拉利 nz->n
[2016-06-21 14:59:32]	福田 ns->n
[2016-06-21 14:59:32]	福特 nrf->n
[2016-06-21 14:59:32]	丰田 nz->n
[2016-06-21 14:59:32]	菲亚特 nz->n
[2016-06-21 14:59:32]	哈飞 nz->n
[2016-06-21 14:59:32]	黄海 ns->n
[2016-06-21 14:59:32]	华泰 nz->n
[2016-06-21 14:59:32]	江铃 nz->n
[2016-06-21 14:59:32]	吉利 a->n
[2016-06-21 14:59:32]	克莱斯勒 nrf->n
[2016-06-21 14:59:32]	力帆 nz->n
[2016-06-21 14:59:32]	林肯 nr->n
[2016-06-21 14:59:32]	铃木 nz->n
[2016-06-21 14:59:32]	劳斯莱斯 nz->n
[2016-06-21 14:59:32]	摩根 nrf->n
[2016-06-21 14:59:32]	马自达 nz->n
[2016-06-21 14:59:32]	讴歌 v->n
[2016-06-21 14:59:32]	奇瑞 nz->n
[2016-06-21 14:59:32]	起亚 nrf->n
[2016-06-21 14:59:32]	日产 nz->n
[2016-06-21 14:59:32]	三菱 nz->n
[2016-06-21 14:59:32]	沃尔沃 nz->n
[2016-06-21 14:59:32]	雪佛兰 nz->n
[2016-06-21 14:59:32]	雪铁龙 nz->n
[2016-06-21 14:59:32]	中华 nz->n
[2016-06-21 14:59:32]	中兴 ns->n
[2016-06-21 14:59:32]	奇瑞汽车 nt->n
[2016-06-21 14:59:32]	雅致 a->n
[2016-06-21 14:59:32]	飞驰 vi->n
[2016-06-21 14:59:32]	卡宴 ns->n
[2016-06-21 14:59:32]	风光 a->n
[2016-06-21 14:59:32]	捷达 nz->n
[2016-06-21 14:59:32]	桑塔纳 nz->n
[2016-06-21 14:59:32]	福克斯 nrf->n
[2016-06-21 14:59:32]	卡罗拉 nrf->n
[2016-06-21 14:59:32]	赛马 vi->n
[2016-06-21 14:59:32]	圣达菲 nz->n
[2016-06-21 14:59:32]	和悦 a->n
[2016-06-21 14:59:32]	飞腾 vi->n
[2016-06-21 14:59:32]	北斗星 nz->n
[2016-06-21 14:59:32]	威达 nz->n
[2016-06-21 14:59:32]	嘉华 nz->n
[2016-06-21 14:59:32]	楼兰 ns->n
[2016-06-21 14:59:32]	风雅 a->n
[2016-06-21 14:59:32]	富康 nz->n
[2016-06-21 14:59:32]	凯旋 vd->n
[2016-06-21 14:59:32]	毕加索 nrf->n
[2016-06-21 14:59:32]	朗朗 z->n
[2016-06-21 15:13:43]	奥迪 nz->n
[2016-06-21 15:13:43]	奔驰 nz->n
[2016-06-21 15:13:43]	本田 nz->n
[2016-06-21 15:13:43]	奔腾 nz->n
[2016-06-21 15:13:43]	比亚迪 nt->n
[2016-06-21 15:13:43]	标致 a->n
[2016-06-21 15:13:43]	长城 ns->n
[2016-06-21 15:13:43]	昌河 nz->n
[2016-06-21 15:13:43]	东南 f->n
[2016-06-21 15:13:43]	道奇 nz->n
[2016-06-21 15:13:43]	法拉利 nz->n
[2016-06-21 15:13:43]	福田 ns->n
[2016-06-21 15:13:43]	福特 nrf->n
[2016-06-21 15:13:43]	丰田 nz->n
[2016-06-21 15:13:43]	菲亚特 nz->n
[2016-06-21 15:13:43]	哈飞 nz->n
[2016-06-21 15:13:43]	黄海 ns->n
[2016-06-21 15:13:43]	华泰 nz->n
[2016-06-21 15:13:43]	江铃 nz->n
[2016-06-21 15:13:43]	吉利 a->n
[2016-06-21 15:13:43]	克莱斯勒 nrf->n
[2016-06-21 15:13:43]	力帆 nz->n
[2016-06-21 15:13:43]	林肯 nr->n
[2016-06-21 15:13:43]	铃木 nz->n
[2016-06-21 15:13:43]	劳斯莱斯 nz->n
[2016-06-21 15:13:43]	摩根 nrf->n
[2016-06-21 15:13:43]	马自达 nz->n
[2016-06-21 15:13:43]	讴歌 v->n
[2016-06-21 15:13:43]	奇瑞 nz->n
[2016-06-21 15:13:43]	起亚 nrf->n
[2016-06-21 15:13:43]	日产 nz->n
[2016-06-21 15:13:43]	三菱 nz->n
[2016-06-21 15:13:43]	沃尔沃 nz->n
[2016-06-21 15:13:43]	雪佛兰 nz->n
[2016-06-21 15:13:43]	雪铁龙 nz->n
[2016-06-21 15:13:43]	中华 nz->n
[2016-06-21 15:13:43]	中兴 ns->n
[2016-06-21 15:13:43]	奇瑞汽车 nt->n
[2016-06-21 15:13:43]	奥迪 nz->n
[2016-06-21 15:13:43]	奔驰 nz->n
[2016-06-21 15:13:43]	本田 nz->n
[2016-06-21 15:13:43]	奔腾 nz->n
[2016-06-21 15:13:43]	比亚迪 nt->n
[2016-06-21 15:13:43]	标致 a->n
[2016-06-21 15:13:43]	长城 ns->n
[2016-06-21 15:13:43]	昌河 nz->n
[2016-06-21 15:13:43]	东南 f->n
[2016-06-21 15:13:43]	道奇 nz->n
[2016-06-21 15:13:43]	法拉利 nz->n
[2016-06-21 15:13:43]	福田 ns->n
[2016-06-21 15:13:43]	福特 nrf->n
[2016-06-21 15:13:43]	丰田 nz->n
[2016-06-21 15:13:43]	菲亚特 nz->n
[2016-06-21 15:13:43]	哈飞 nz->n
[2016-06-21 15:13:43]	黄海 ns->n
[2016-06-21 15:13:43]	华泰 nz->n
[2016-06-21 15:13:43]	江铃 nz->n
[2016-06-21 15:13:43]	吉利 a->n
[2016-06-21 15:13:43]	克莱斯勒 nrf->n
[2016-06-21 15:13:43]	力帆 nz->n
[2016-06-21 15:13:43]	林肯 nr->n
[2016-06-21 15:13:43]	铃木 nz->n
[2016-06-21 15:13:43]	劳斯莱斯 nz->n
[2016-06-21 15:13:43]	摩根 nrf->n
[2016-06-21 15:13:43]	马自达 nz->n
[2016-06-21 15:13:43]	讴歌 v->n
[2016-06-21 15:13:43]	奇瑞 nz->n
[2016-06-21 15:13:43]	起亚 nrf->n
[2016-06-21 15:13:43]	日产 nz->n
[2016-06-21 15:13:43]	三菱 nz->n
[2016-06-21 15:13:43]	沃尔沃 nz->n
[2016-06-21 15:13:43]	雪佛兰 nz->n
[2016-06-21 15:13:43]	雪铁龙 nz->n
[2016-06-21 15:13:43]	中华 nz->n
[2016-06-21 15:13:43]	中兴 ns->n
[2016-06-21 15:13:43]	奇瑞汽车 nt->n
[2016-06-21 15:13:43]	雅致 a->n
[2016-06-21 15:13:43]	飞驰 vi->n
[2016-06-21 15:13:43]	卡宴 ns->n
[2016-06-21 15:13:43]	风光 a->n
[2016-06-21 15:13:43]	捷达 nz->n
[2016-06-21 15:13:43]	桑塔纳 nz->n
[2016-06-21 15:13:43]	福克斯 nrf->n
[2016-06-21 15:13:43]	卡罗拉 nrf->n
[2016-06-21 15:13:43]	赛马 vi->n
[2016-06-21 15:13:43]	圣达菲 nz->n
[2016-06-21 15:13:43]	和悦 a->n
[2016-06-21 15:13:43]	飞腾 vi->n
[2016-06-21 15:13:43]	北斗星 nz->n
[2016-06-21 15:13:43]	威达 nz->n
[2016-06-21 15:13:43]	嘉华 nz->n
[2016-06-21 15:13:43]	楼兰 ns->n
[2016-06-21 15:13:43]	风雅 a->n
[2016-06-21 15:13:43]	富康 nz->n
[2016-06-21 15:13:43]	凯旋 vd->n
[2016-06-21 15:13:43]	毕加索 nrf->n
[2016-06-21 15:13:43]	朗朗 z->n
[2016-06-21 15:13:43]	奥迪 nz->n
[2016-06-21 15:13:43]	奔驰 nz->n
[2016-06-21 15:13:43]	本田 nz->n
[2016-06-21 15:13:43]	奔腾 nz->n
[2016-06-21 15:13:43]	比亚迪 nt->n
[2016-06-21 15:13:43]	标致 a->n
[2016-06-21 15:13:43]	长城 ns->n
[2016-06-21 15:13:43]	昌河 nz->n
[2016-06-21 15:13:43]	东南 f->n
[2016-06-21 15:13:43]	道奇 nz->n
[2016-06-21 15:13:43]	法拉利 nz->n
[2016-06-21 15:13:43]	福田 ns->n
[2016-06-21 15:13:43]	福特 nrf->n
[2016-06-21 15:13:43]	丰田 nz->n
[2016-06-21 15:13:43]	菲亚特 nz->n
[2016-06-21 15:13:43]	哈飞 nz->n
[2016-06-21 15:13:43]	黄海 ns->n
[2016-06-21 15:13:43]	华泰 nz->n
[2016-06-21 15:13:43]	江铃 nz->n
[2016-06-21 15:13:43]	吉利 a->n
[2016-06-21 15:13:43]	克莱斯勒 nrf->n
[2016-06-21 15:13:43]	力帆 nz->n
[2016-06-21 15:13:43]	林肯 nr->n
[2016-06-21 15:13:43]	铃木 nz->n
[2016-06-21 15:13:43]	劳斯莱斯 nz->n
[2016-06-21 15:13:43]	摩根 nrf->n
[2016-06-21 15:13:43]	马自达 nz->n
[2016-06-21 15:13:43]	讴歌 v->n
[2016-06-21 15:13:43]	奇瑞 nz->n
[2016-06-21 15:13:43]	起亚 nrf->n
[2016-06-21 15:13:43]	日产 nz->n
[2016-06-21 15:13:43]	三菱 nz->n
[2016-06-21 15:13:43]	沃尔沃 nz->n
[2016-06-21 15:13:43]	雪佛兰 nz->n
[2016-06-21 15:13:43]	雪铁龙 nz->n
[2016-06-21 15:13:43]	中华 nz->n
[2016-06-21 15:13:43]	中兴 ns->n
[2016-06-21 15:13:43]	奇瑞汽车 nt->n
[2016-06-21 15:13:43]	雅致 a->n
[2016-06-21 15:13:43]	飞驰 vi->n
[2016-06-21 15:13:43]	卡宴 ns->n
[2016-06-21 15:13:43]	风光 a->n
[2016-06-21 15:13:43]	捷达 nz->n
[2016-06-21 15:13:43]	桑塔纳 nz->n
[2016-06-21 15:13:43]	福克斯 nrf->n
[2016-06-21 15:13:43]	卡罗拉 nrf->n
[2016-06-21 15:13:43]	赛马 vi->n
[2016-06-21 15:13:43]	圣达菲 nz->n
[2016-06-21 15:13:43]	和悦 a->n
[2016-06-21 15:13:43]	飞腾 vi->n
[2016-06-21 15:13:43]	北斗星 nz->n
[2016-06-21 15:13:43]	威达 nz->n
[2016-06-21 15:13:43]	嘉华 nz->n
[2016-06-21 15:13:43]	楼兰 ns->n
[2016-06-21 15:13:43]	风雅 a->n
[2016-06-21 15:13:43]	富康 nz->n
[2016-06-21 15:13:43]	凯旋 vd->n
[2016-06-21 15:13:43]	毕加索 nrf->n
[2016-06-21 15:13:43]	朗朗 z->n
[2016-06-21 15:16:25]	奥迪 nz->n
[2016-06-21 15:16:25]	奔驰 nz->n
[2016-06-21 15:16:25]	本田 nz->n
[2016-06-21 15:16:25]	奔腾 nz->n
[2016-06-21 15:16:25]	比亚迪 nt->n
[2016-06-21 15:16:25]	标致 a->n
[2016-06-21 15:16:25]	长城 ns->n
[2016-06-21 15:16:25]	昌河 nz->n
[2016-06-21 15:16:25]	东南 f->n
[2016-06-21 15:16:25]	道奇 nz->n
[2016-06-21 15:16:25]	法拉利 nz->n
[2016-06-21 15:16:25]	福田 ns->n
[2016-06-21 15:16:25]	福特 nrf->n
[2016-06-21 15:16:25]	丰田 nz->n
[2016-06-21 15:16:25]	菲亚特 nz->n
[2016-06-21 15:16:25]	哈飞 nz->n
[2016-06-21 15:16:25]	黄海 ns->n
[2016-06-21 15:16:25]	华泰 nz->n
[2016-06-21 15:16:25]	江铃 nz->n
[2016-06-21 15:16:25]	吉利 a->n
[2016-06-21 15:16:25]	克莱斯勒 nrf->n
[2016-06-21 15:16:25]	力帆 nz->n
[2016-06-21 15:16:25]	林肯 nr->n
[2016-06-21 15:16:25]	铃木 nz->n
[2016-06-21 15:16:25]	劳斯莱斯 nz->n
[2016-06-21 15:16:25]	摩根 nrf->n
[2016-06-21 15:16:25]	马自达 nz->n
[2016-06-21 15:16:25]	讴歌 v->n
[2016-06-21 15:16:25]	奇瑞 nz->n
[2016-06-21 15:16:25]	起亚 nrf->n
[2016-06-21 15:16:25]	日产 nz->n
[2016-06-21 15:16:25]	三菱 nz->n
[2016-06-21 15:16:25]	沃尔沃 nz->n
[2016-06-21 15:16:25]	雪佛兰 nz->n
[2016-06-21 15:16:25]	雪铁龙 nz->n
[2016-06-21 15:16:25]	中华 nz->n
[2016-06-21 15:16:25]	中兴 ns->n
[2016-06-21 15:16:25]	奇瑞汽车 nt->n
[2016-06-21 15:16:25]	奥迪 nz->n
[2016-06-21 15:16:25]	奔驰 nz->n
[2016-06-21 15:16:25]	本田 nz->n
[2016-06-21 15:16:25]	奔腾 nz->n
[2016-06-21 15:16:25]	比亚迪 nt->n
[2016-06-21 15:16:25]	标致 a->n
[2016-06-21 15:16:25]	长城 ns->n
[2016-06-21 15:16:25]	昌河 nz->n
[2016-06-21 15:16:25]	东南 f->n
[2016-06-21 15:16:25]	道奇 nz->n
[2016-06-21 15:16:25]	法拉利 nz->n
[2016-06-21 15:16:25]	福田 ns->n
[2016-06-21 15:16:25]	福特 nrf->n
[2016-06-21 15:16:25]	丰田 nz->n
[2016-06-21 15:16:25]	菲亚特 nz->n
[2016-06-21 15:16:25]	哈飞 nz->n
[2016-06-21 15:16:25]	黄海 ns->n
[2016-06-21 15:16:25]	华泰 nz->n
[2016-06-21 15:16:25]	江铃 nz->n
[2016-06-21 15:16:25]	吉利 a->n
[2016-06-21 15:16:25]	克莱斯勒 nrf->n
[2016-06-21 15:16:25]	力帆 nz->n
[2016-06-21 15:16:25]	林肯 nr->n
[2016-06-21 15:16:25]	铃木 nz->n
[2016-06-21 15:16:25]	劳斯莱斯 nz->n
[2016-06-21 15:16:25]	摩根 nrf->n
[2016-06-21 15:16:25]	马自达 nz->n
[2016-06-21 15:16:25]	讴歌 v->n
[2016-06-21 15:16:25]	奇瑞 nz->n
[2016-06-21 15:16:25]	起亚 nrf->n
[2016-06-21 15:16:25]	日产 nz->n
[2016-06-21 15:16:25]	三菱 nz->n
[2016-06-21 15:16:25]	沃尔沃 nz->n
[2016-06-21 15:16:25]	雪佛兰 nz->n
[2016-06-21 15:16:25]	雪铁龙 nz->n
[2016-06-21 15:16:25]	中华 nz->n
[2016-06-21 15:16:25]	中兴 ns->n
[2016-06-21 15:16:25]	奇瑞汽车 nt->n
[2016-06-21 15:16:25]	雅致 a->n
[2016-06-21 15:16:25]	飞驰 vi->n
[2016-06-21 15:16:25]	卡宴 ns->n
[2016-06-21 15:16:25]	风光 a->n
[2016-06-21 15:16:25]	捷达 nz->n
[2016-06-21 15:16:25]	桑塔纳 nz->n
[2016-06-21 15:16:25]	福克斯 nrf->n
[2016-06-21 15:16:25]	卡罗拉 nrf->n
[2016-06-21 15:16:25]	赛马 vi->n
[2016-06-21 15:16:25]	圣达菲 nz->n
[2016-06-21 15:16:25]	和悦 a->n
[2016-06-21 15:16:25]	飞腾 vi->n
[2016-06-21 15:16:25]	北斗星 nz->n
[2016-06-21 15:16:25]	威达 nz->n
[2016-06-21 15:16:25]	嘉华 nz->n
[2016-06-21 15:16:25]	楼兰 ns->n
[2016-06-21 15:16:25]	风雅 a->n
[2016-06-21 15:16:25]	富康 nz->n
[2016-06-21 15:16:25]	凯旋 vd->n
[2016-06-21 15:16:25]	毕加索 nrf->n
[2016-06-21 15:16:25]	朗朗 z->n
[2016-06-21 15:16:25]	奥迪 nz->n
[2016-06-21 15:16:25]	奔驰 nz->n
[2016-06-21 15:16:25]	本田 nz->n
[2016-06-21 15:16:25]	奔腾 nz->n
[2016-06-21 15:16:25]	比亚迪 nt->n
[2016-06-21 15:16:25]	标致 a->n
[2016-06-21 15:16:25]	长城 ns->n
[2016-06-21 15:16:25]	昌河 nz->n
[2016-06-21 15:16:25]	东南 f->n
[2016-06-21 15:16:25]	道奇 nz->n
[2016-06-21 15:16:25]	法拉利 nz->n
[2016-06-21 15:16:25]	福田 ns->n
[2016-06-21 15:16:25]	福特 nrf->n
[2016-06-21 15:16:25]	丰田 nz->n
[2016-06-21 15:16:25]	菲亚特 nz->n
[2016-06-21 15:16:25]	哈飞 nz->n
[2016-06-21 15:16:25]	黄海 ns->n
[2016-06-21 15:16:25]	华泰 nz->n
[2016-06-21 15:16:25]	江铃 nz->n
[2016-06-21 15:16:25]	吉利 a->n
[2016-06-21 15:16:25]	克莱斯勒 nrf->n
[2016-06-21 15:16:25]	力帆 nz->n
[2016-06-21 15:16:25]	林肯 nr->n
[2016-06-21 15:16:25]	铃木 nz->n
[2016-06-21 15:16:25]	劳斯莱斯 nz->n
[2016-06-21 15:16:25]	摩根 nrf->n
[2016-06-21 15:16:25]	马自达 nz->n
[2016-06-21 15:16:25]	讴歌 v->n
[2016-06-21 15:16:25]	奇瑞 nz->n
[2016-06-21 15:16:25]	起亚 nrf->n
[2016-06-21 15:16:25]	日产 nz->n
[2016-06-21 15:16:25]	三菱 nz->n
[2016-06-21 15:16:25]	沃尔沃 nz->n
[2016-06-21 15:16:25]	雪佛兰 nz->n
[2016-06-21 15:16:25]	雪铁龙 nz->n
[2016-06-21 15:16:25]	中华 nz->n
[2016-06-21 15:16:25]	中兴 ns->n
[2016-06-21 15:16:25]	奇瑞汽车 nt->n
[2016-06-21 15:16:25]	雅致 a->n
[2016-06-21 15:16:25]	飞驰 vi->n
[2016-06-21 15:16:25]	卡宴 ns->n
[2016-06-21 15:16:25]	风光 a->n
[2016-06-21 15:16:25]	捷达 nz->n
[2016-06-21 15:16:25]	桑塔纳 nz->n
[2016-06-21 15:16:25]	福克斯 nrf->n
[2016-06-21 15:16:25]	卡罗拉 nrf->n
[2016-06-21 15:16:25]	赛马 vi->n
[2016-06-21 15:16:25]	圣达菲 nz->n
[2016-06-21 15:16:25]	和悦 a->n
[2016-06-21 15:16:25]	飞腾 vi->n
[2016-06-21 15:16:25]	北斗星 nz->n
[2016-06-21 15:16:25]	威达 nz->n
[2016-06-21 15:16:25]	嘉华 nz->n
[2016-06-21 15:16:25]	楼兰 ns->n
[2016-06-21 15:16:25]	风雅 a->n
[2016-06-21 15:16:25]	富康 nz->n
[2016-06-21 15:16:25]	凯旋 vd->n
[2016-06-21 15:16:25]	毕加索 nrf->n
[2016-06-21 15:16:25]	朗朗 z->n
[2016-06-21 15:17:54]	雅致 a->n
[2016-06-21 15:17:54]	飞驰 vi->n
[2016-06-21 15:17:54]	卡宴 ns->n
[2016-06-21 15:17:54]	风光 a->n
[2016-06-21 15:17:54]	捷达 nz->n
[2016-06-21 15:17:54]	桑塔纳 nz->n
[2016-06-21 15:17:54]	福克斯 nrf->n
[2016-06-21 15:17:54]	卡罗拉 nrf->n
[2016-06-21 15:17:54]	赛马 vi->n
[2016-06-21 15:17:54]	圣达菲 nz->n
[2016-06-21 15:17:54]	和悦 a->n
[2016-06-21 15:17:54]	飞腾 vi->n
[2016-06-21 15:17:54]	北斗星 nz->n
[2016-06-21 15:17:54]	威达 nz->n
[2016-06-21 15:17:54]	嘉华 nz->n
[2016-06-21 15:17:54]	楼兰 ns->n
[2016-06-21 15:17:54]	风雅 a->n
[2016-06-21 15:17:54]	富康 nz->n
[2016-06-21 15:17:54]	凯旋 vd->n
[2016-06-21 15:17:54]	毕加索 nrf->n
[2016-06-21 15:17:54]	朗朗 z->n
[2016-06-21 15:17:54]	雅致 a->n
[2016-06-21 15:17:54]	飞驰 vi->n
[2016-06-21 15:17:54]	卡宴 ns->n
[2016-06-21 15:17:54]	风光 a->n
[2016-06-21 15:17:54]	捷达 nz->n
[2016-06-21 15:17:54]	桑塔纳 nz->n
[2016-06-21 15:17:54]	福克斯 nrf->n
[2016-06-21 15:17:54]	卡罗拉 nrf->n
[2016-06-21 15:17:54]	赛马 vi->n
[2016-06-21 15:17:54]	圣达菲 nz->n
[2016-06-21 15:17:54]	和悦 a->n
[2016-06-21 15:17:54]	飞腾 vi->n
[2016-06-21 15:17:54]	北斗星 nz->n
[2016-06-21 15:17:54]	威达 nz->n
[2016-06-21 15:17:54]	嘉华 nz->n
[2016-06-21 15:17:54]	楼兰 ns->n
[2016-06-21 15:17:54]	风雅 a->n
[2016-06-21 15:17:54]	富康 nz->n
[2016-06-21 15:17:54]	凯旋 vd->n
[2016-06-21 15:17:54]	毕加索 nrf->n
[2016-06-21 15:17:54]	朗朗 z->n
[2016-06-21 15:17:54]	雅致 a->n
[2016-06-21 15:17:54]	飞驰 vi->n
[2016-06-21 15:17:54]	卡宴 ns->n
[2016-06-21 15:17:54]	风光 a->n
[2016-06-21 15:17:54]	捷达 nz->n
[2016-06-21 15:17:54]	桑塔纳 nz->n
[2016-06-21 15:17:54]	福克斯 nrf->n
[2016-06-21 15:17:54]	卡罗拉 nrf->n
[2016-06-21 15:17:54]	赛马 vi->n
[2016-06-21 15:17:54]	圣达菲 nz->n
[2016-06-21 15:17:54]	和悦 a->n
[2016-06-21 15:17:54]	飞腾 vi->n
[2016-06-21 15:17:54]	北斗星 nz->n
[2016-06-21 15:17:54]	威达 nz->n
[2016-06-21 15:17:54]	嘉华 nz->n
[2016-06-21 15:17:54]	楼兰 ns->n
[2016-06-21 15:17:54]	风雅 a->n
[2016-06-21 15:17:54]	富康 nz->n
[2016-06-21 15:17:54]	凯旋 vd->n
[2016-06-21 15:17:54]	毕加索 nrf->n
[2016-06-21 15:17:54]	朗朗 z->n
[2016-06-21 15:17:54]	奥迪 nz->n
[2016-06-21 15:17:54]	奔驰 nz->n
[2016-06-21 15:17:54]	本田 nz->n
[2016-06-21 15:17:54]	奔腾 nz->n
[2016-06-21 15:17:54]	比亚迪 nt->n
[2016-06-21 15:17:54]	标致 a->n
[2016-06-21 15:17:54]	长城 ns->n
[2016-06-21 15:17:54]	昌河 nz->n
[2016-06-21 15:17:54]	东南 f->n
[2016-06-21 15:17:54]	道奇 nz->n
[2016-06-21 15:17:54]	法拉利 nz->n
[2016-06-21 15:17:54]	福田 ns->n
[2016-06-21 15:17:54]	福特 nrf->n
[2016-06-21 15:17:54]	丰田 nz->n
[2016-06-21 15:17:54]	菲亚特 nz->n
[2016-06-21 15:17:54]	哈飞 nz->n
[2016-06-21 15:17:54]	黄海 ns->n
[2016-06-21 15:17:54]	华泰 nz->n
[2016-06-21 15:17:54]	江铃 nz->n
[2016-06-21 15:17:54]	吉利 a->n
[2016-06-21 15:17:54]	克莱斯勒 nrf->n
[2016-06-21 15:17:54]	力帆 nz->n
[2016-06-21 15:17:54]	林肯 nr->n
[2016-06-21 15:17:54]	铃木 nz->n
[2016-06-21 15:17:54]	劳斯莱斯 nz->n
[2016-06-21 15:17:54]	摩根 nrf->n
[2016-06-21 15:17:54]	马自达 nz->n
[2016-06-21 15:17:54]	讴歌 v->n
[2016-06-21 15:17:54]	奇瑞 nz->n
[2016-06-21 15:17:54]	起亚 nrf->n
[2016-06-21 15:17:54]	日产 nz->n
[2016-06-21 15:17:54]	三菱 nz->n
[2016-06-21 15:17:54]	沃尔沃 nz->n
[2016-06-21 15:17:54]	雪佛兰 nz->n
[2016-06-21 15:17:54]	雪铁龙 nz->n
[2016-06-21 15:17:54]	中华 nz->n
[2016-06-21 15:17:54]	中兴 ns->n
[2016-06-21 15:17:54]	奇瑞汽车 nt->n
[2016-06-21 15:17:54]	奥迪 nz->n
[2016-06-21 15:17:54]	奔驰 nz->n
[2016-06-21 15:17:54]	本田 nz->n
[2016-06-21 15:17:54]	奔腾 nz->n
[2016-06-21 15:17:54]	比亚迪 nt->n
[2016-06-21 15:17:54]	标致 a->n
[2016-06-21 15:17:54]	长城 ns->n
[2016-06-21 15:17:54]	昌河 nz->n
[2016-06-21 15:17:54]	东南 f->n
[2016-06-21 15:17:54]	道奇 nz->n
[2016-06-21 15:17:54]	法拉利 nz->n
[2016-06-21 15:17:54]	福田 ns->n
[2016-06-21 15:17:54]	福特 nrf->n
[2016-06-21 15:17:54]	丰田 nz->n
[2016-06-21 15:17:54]	菲亚特 nz->n
[2016-06-21 15:17:54]	哈飞 nz->n
[2016-06-21 15:17:54]	黄海 ns->n
[2016-06-21 15:17:54]	华泰 nz->n
[2016-06-21 15:17:54]	江铃 nz->n
[2016-06-21 15:17:54]	吉利 a->n
[2016-06-21 15:17:54]	克莱斯勒 nrf->n
[2016-06-21 15:17:54]	力帆 nz->n
[2016-06-21 15:17:54]	林肯 nr->n
[2016-06-21 15:17:54]	铃木 nz->n
[2016-06-21 15:17:54]	劳斯莱斯 nz->n
[2016-06-21 15:17:54]	摩根 nrf->n
[2016-06-21 15:17:54]	马自达 nz->n
[2016-06-21 15:17:54]	讴歌 v->n
[2016-06-21 15:17:54]	奇瑞 nz->n
[2016-06-21 15:17:54]	起亚 nrf->n
[2016-06-21 15:17:54]	日产 nz->n
[2016-06-21 15:17:54]	三菱 nz->n
[2016-06-21 15:17:54]	沃尔沃 nz->n
[2016-06-21 15:17:54]	雪佛兰 nz->n
[2016-06-21 15:17:54]	雪铁龙 nz->n
[2016-06-21 15:17:54]	中华 nz->n
[2016-06-21 15:17:54]	中兴 ns->n
[2016-06-21 15:17:54]	奇瑞汽车 nt->n
[2016-06-21 15:17:54]	奥迪 nz->n
[2016-06-21 15:17:54]	奔驰 nz->n
[2016-06-21 15:17:54]	本田 nz->n
[2016-06-21 15:17:54]	奔腾 nz->n
[2016-06-21 15:17:54]	比亚迪 nt->n
[2016-06-21 15:17:54]	标致 a->n
[2016-06-21 15:17:54]	长城 ns->n
[2016-06-21 15:17:54]	昌河 nz->n
[2016-06-21 15:17:54]	东南 f->n
[2016-06-21 15:17:54]	道奇 nz->n
[2016-06-21 15:17:54]	法拉利 nz->n
[2016-06-21 15:17:54]	福田 ns->n
[2016-06-21 15:17:54]	福特 nrf->n
[2016-06-21 15:17:54]	丰田 nz->n
[2016-06-21 15:17:54]	菲亚特 nz->n
[2016-06-21 15:17:54]	哈飞 nz->n
[2016-06-21 15:17:54]	黄海 ns->n
[2016-06-21 15:17:54]	华泰 nz->n
[2016-06-21 15:17:54]	江铃 nz->n
[2016-06-21 15:17:54]	吉利 a->n
[2016-06-21 15:17:54]	克莱斯勒 nrf->n
[2016-06-21 15:17:54]	力帆 nz->n
[2016-06-21 15:17:54]	林肯 nr->n
[2016-06-21 15:17:54]	铃木 nz->n
[2016-06-21 15:17:54]	劳斯莱斯 nz->n
[2016-06-21 15:17:54]	摩根 nrf->n
[2016-06-21 15:17:54]	马自达 nz->n
[2016-06-21 15:17:54]	讴歌 v->n
[2016-06-21 15:17:54]	奇瑞 nz->n
[2016-06-21 15:17:54]	起亚 nrf->n
[2016-06-21 15:17:54]	日产 nz->n
[2016-06-21 15:17:54]	三菱 nz->n
[2016-06-21 15:17:54]	沃尔沃 nz->n
[2016-06-21 15:17:54]	雪佛兰 nz->n
[2016-06-21 15:17:54]	雪铁龙 nz->n
[2016-06-21 15:17:54]	中华 nz->n
[2016-06-21 15:17:54]	中兴 ns->n
[2016-06-21 15:17:54]	奇瑞汽车 nt->n
[2016-06-21 15:17:54]	雅致 a->n
[2016-06-21 15:17:54]	飞驰 vi->n
[2016-06-21 15:17:54]	卡宴 ns->n
[2016-06-21 15:17:54]	风光 a->n
[2016-06-21 15:17:54]	捷达 nz->n
[2016-06-21 15:17:54]	桑塔纳 nz->n
[2016-06-21 15:17:54]	福克斯 nrf->n
[2016-06-21 15:17:54]	卡罗拉 nrf->n
[2016-06-21 15:17:54]	赛马 vi->n
[2016-06-21 15:17:54]	圣达菲 nz->n
[2016-06-21 15:17:54]	和悦 a->n
[2016-06-21 15:17:54]	飞腾 vi->n
[2016-06-21 15:17:54]	北斗星 nz->n
[2016-06-21 15:17:54]	威达 nz->n
[2016-06-21 15:17:54]	嘉华 nz->n
[2016-06-21 15:17:54]	楼兰 ns->n
[2016-06-21 15:17:54]	风雅 a->n
[2016-06-21 15:17:54]	富康 nz->n
[2016-06-21 15:17:54]	凯旋 vd->n
[2016-06-21 15:17:54]	毕加索 nrf->n
[2016-06-21 15:17:54]	朗朗 z->n
[2016-06-21 15:17:55]	奥迪 nz->n
[2016-06-21 15:17:55]	奔驰 nz->n
[2016-06-21 15:17:55]	本田 nz->n
[2016-06-21 15:17:55]	奔腾 nz->n
[2016-06-21 15:17:55]	比亚迪 nt->n
[2016-06-21 15:17:55]	标致 a->n
[2016-06-21 15:17:55]	长城 ns->n
[2016-06-21 15:17:55]	昌河 nz->n
[2016-06-21 15:17:55]	东南 f->n
[2016-06-21 15:17:55]	道奇 nz->n
[2016-06-21 15:17:55]	法拉利 nz->n
[2016-06-21 15:17:55]	福田 ns->n
[2016-06-21 15:17:55]	福特 nrf->n
[2016-06-21 15:17:55]	丰田 nz->n
[2016-06-21 15:17:55]	菲亚特 nz->n
[2016-06-21 15:17:55]	哈飞 nz->n
[2016-06-21 15:17:55]	黄海 ns->n
[2016-06-21 15:17:55]	华泰 nz->n
[2016-06-21 15:17:55]	江铃 nz->n
[2016-06-21 15:17:55]	吉利 a->n
[2016-06-21 15:17:55]	克莱斯勒 nrf->n
[2016-06-21 15:17:55]	力帆 nz->n
[2016-06-21 15:17:55]	林肯 nr->n
[2016-06-21 15:17:55]	铃木 nz->n
[2016-06-21 15:17:55]	劳斯莱斯 nz->n
[2016-06-21 15:17:55]	摩根 nrf->n
[2016-06-21 15:17:55]	马自达 nz->n
[2016-06-21 15:17:55]	讴歌 v->n
[2016-06-21 15:17:55]	奇瑞 nz->n
[2016-06-21 15:17:55]	起亚 nrf->n
[2016-06-21 15:17:55]	日产 nz->n
[2016-06-21 15:17:55]	三菱 nz->n
[2016-06-21 15:17:55]	沃尔沃 nz->n
[2016-06-21 15:17:55]	雪佛兰 nz->n
[2016-06-21 15:17:55]	雪铁龙 nz->n
[2016-06-21 15:17:55]	中华 nz->n
[2016-06-21 15:17:55]	中兴 ns->n
[2016-06-21 15:17:55]	奇瑞汽车 nt->n
[2016-06-21 15:17:55]	雅致 a->n
[2016-06-21 15:17:55]	飞驰 vi->n
[2016-06-21 15:17:55]	卡宴 ns->n
[2016-06-21 15:17:55]	风光 a->n
[2016-06-21 15:17:55]	捷达 nz->n
[2016-06-21 15:17:55]	桑塔纳 nz->n
[2016-06-21 15:17:55]	福克斯 nrf->n
[2016-06-21 15:17:55]	卡罗拉 nrf->n
[2016-06-21 15:17:55]	赛马 vi->n
[2016-06-21 15:17:55]	圣达菲 nz->n
[2016-06-21 15:17:55]	和悦 a->n
[2016-06-21 15:17:55]	飞腾 vi->n
[2016-06-21 15:17:55]	北斗星 nz->n
[2016-06-21 15:17:55]	威达 nz->n
[2016-06-21 15:17:55]	嘉华 nz->n
[2016-06-21 15:17:55]	楼兰 ns->n
[2016-06-21 15:17:55]	风雅 a->n
[2016-06-21 15:17:55]	富康 nz->n
[2016-06-21 15:17:55]	凯旋 vd->n
[2016-06-21 15:17:55]	毕加索 nrf->n
[2016-06-21 15:17:55]	朗朗 z->n
