[2016-05-23 10:53:12]	Cannot open file 
[2016-05-23 10:53:12]	E:\Workspaces\TextTools\Data\KeyBlackList.pdat
[2016-05-23 10:54:02]	Cannot open file 
[2016-05-23 10:54:02]	E:\Workspaces\TextTools\Data\KeyBlackList.pdat
[2016-05-23 10:57:12]	Cannot open file 
[2016-05-23 10:57:12]	E:\Workspaces\TextTools\Data\KeyBlackList.pdat
[2016-05-23 10:57:33]	Cannot open file 
[2016-05-23 10:57:33]	E:\Workspaces\TextTools\Data\KeyBlackList.pdat
[2016-05-23 10:57:43]	Cannot open file 
[2016-05-23 10:57:43]	E:\Workspaces\TextTools\Data\KeyBlackList.pdat
[2016-05-23 10:58:01]	Cannot open file 
[2016-05-23 10:58:01]	E:\Workspaces\TextTools\Data\KeyBlackList.pdat
[2016-05-23 10:58:19]	Cannot open file 
[2016-05-23 10:58:19]	E:\Workspaces\TextTools\Data\KeyBlackList.pdat
[2016-05-23 10:58:28]	Cannot open file 
[2016-05-23 10:58:28]	E:\Workspaces\TextTools\Data\KeyBlackList.pdat
[2016-05-23 10:58:37]	Cannot open file 
[2016-05-23 10:58:37]	E:\Workspaces\TextTools\Data\KeyBlackList.pdat
[2016-05-23 10:58:49]	Cannot open file 
[2016-05-23 10:58:49]	E:\Workspaces\TextTools\Data\KeyBlackList.pdat
[2016-05-23 10:58:56]	Cannot open file 
[2016-05-23 10:58:56]	E:\Workspaces\TextTools\Data\KeyBlackList.pdat
[2016-05-23 10:59:48]	Cannot open file 
[2016-05-23 10:59:48]	E:\Workspaces\TextTools\Data\KeyBlackList.pdat
[2016-05-23 11:16:14]	Cannot open file 
[2016-05-23 11:16:14]	E:\Workspaces\TextTools\Data\KeyBlackList.pdat
[2016-05-23 11:16:26]	Cannot open file 
[2016-05-23 11:16:26]	E:\Workspaces\TextTools\Data\KeyBlackList.pdat
[2016-05-23 11:17:02]	Cannot open file 
[2016-05-23 11:17:02]	E:\Workspaces\TextTools\Data\KeyBlackList.pdat
[2016-05-23 11:17:44]	Cannot open file 
[2016-05-23 11:17:44]	E:\Workspaces\TextTools\Data\KeyBlackList.pdat
[2016-05-23 11:17:56]	Cannot open file 
[2016-05-23 11:17:56]	E:\Workspaces\TextTools\Data\KeyBlackList.pdat
[2016-05-23 11:18:07]	Cannot open file 
[2016-05-23 11:18:07]	E:\Workspaces\TextTools\Data\KeyBlackList.pdat
[2016-05-23 11:18:21]	Cannot open file 
[2016-05-23 11:18:21]	E:\Workspaces\TextTools\Data\KeyBlackList.pdat
[2016-05-23 11:19:14]	Cannot open file 
[2016-05-23 11:19:14]	E:\Workspaces\TextTools\Data\KeyBlackList.pdat
[2016-05-23 11:20:49]	Cannot open file 
[2016-05-23 11:20:49]	E:\Workspaces\TextTools\Data\KeyBlackList.pdat
[2016-05-23 11:20:57]	Cannot open file 
[2016-05-23 11:20:57]	E:\Workspaces\TextTools\Data\KeyBlackList.pdat
[2016-05-23 11:21:18]	Cannot open file 
[2016-05-23 11:21:18]	E:\Workspaces\TextTools\Data\KeyBlackList.pdat
[2016-05-23 11:21:34]	Cannot open file 
[2016-05-23 11:21:34]	E:\Workspaces\TextTools\Data\KeyBlackList.pdat
[2016-05-23 11:33:42]	Cannot open file 
[2016-05-23 11:33:42]	E:\Workspaces\TextTools\Data\KeyBlackList.pdat
[2016-05-23 11:36:03]	Cannot open file 
[2016-05-23 11:36:03]	E:\Workspaces\TextTools\Data\KeyBlackList.pdat
[2016-05-23 11:36:27]	Cannot open file 
[2016-05-23 11:36:27]	E:\Workspaces\TextTools\Data\KeyBlackList.pdat
[2016-05-23 11:37:25]	Cannot open file 
[2016-05-23 11:37:25]	E:\Workspaces\TextTools\Data\KeyBlackList.pdat
[2016-05-23 11:37:25]	Failed Open file Failed Open file 
[2016-05-23 11:37:25]	Error read file
[2016-05-23 11:37:25]	E:\Workspaces\TextTools\didct\Userdict.txt
[2016-05-23 11:37:25]	Failed Open file Failed Open file 
[2016-05-23 11:38:03]	Cannot open file 
[2016-05-23 11:38:03]	E:\Workspaces\TextTools\Data\KeyBlackList.pdat
[2016-05-23 11:38:03]	Failed Open file Failed Open file 
[2016-05-23 11:38:03]	Error read file
[2016-05-23 11:38:03]	E:\Workspaces\TextTools\didct\Userdict.txt
[2016-05-23 11:38:03]	Failed Open file Failed Open file 
[2016-05-23 11:39:21]	Cannot open file 
[2016-05-23 11:39:21]	E:\Workspaces\TextTools\Data\KeyBlackList.pdat
[2016-05-23 11:39:21]	Failed Open file Failed Open file 
[2016-05-23 11:39:21]	Error read file
[2016-05-23 11:39:21]	E:\Workspaces\TextTools\didct\Userdict.txt
[2016-05-23 11:39:21]	Failed Open file Failed Open file 
[2016-05-23 11:39:41]	Cannot open file 
[2016-05-23 11:39:41]	E:\Workspaces\TextTools\Data\KeyBlackList.pdat
